{"F:\\DP\\code\\explorer-core\\src\\logger.ts": {"path":"F:\\DP\\code\\explorer-core\\src\\logger.ts","statementMap":{"0":{"start":{"line":1,"column":0},"end":{"line":1,"column":null}},"1":{"start":{"line":2,"column":0},"end":{"line":2,"column":null}},"2":{"start":{"line":4,"column":0},"end":{"line":4,"column":null}},"3":{"start":{"line":5,"column":0},"end":{"line":5,"column":null}},"4":{"start":{"line":7,"column":39},"end":{"line":7,"column":null}},"5":{"start":{"line":38,"column":15},"end":{"line":38,"column":23}},"6":{"start":{"line":40,"column":0},"end":{"line":42,"column":null}},"7":{"start":{"line":41,"column":4},"end":{"line":41,"column":10}},"8":{"start":{"line":44,"column":15},"end":{"line":44,"column":null}}},"fnMap":{},"branchMap":{"0":{"loc":{"start":{"line":40,"column":0},"end":{"line":42,"column":null}},"type":"if","locations":[{"start":{"line":40,"column":0},"end":{"line":42,"column":null}},{"start":{"line":40,"column":0},"end":{"line":42,"column":null}}]}},"s":{"0":2,"1":2,"2":2,"3":2,"4":2,"5":2,"6":2,"7":2,"8":2},"f":{},"b":{"0":[2,0]}}
,"F:\\DP\\code\\explorer-core\\src\\main.ts": {"path":"F:\\DP\\code\\explorer-core\\src\\main.ts","statementMap":{"0":{"start":{"line":1,"column":0},"end":{"line":1,"column":null}},"1":{"start":{"line":2,"column":0},"end":{"line":2,"column":null}},"2":{"start":{"line":4,"column":0},"end":{"line":4,"column":4}},"3":{"start":{"line":6,"column":0},"end":{"line":6,"column":4}},"4":{"start":{"line":7,"column":17},"end":{"line":7,"column":19}}},"fnMap":{"0":{"name":"(anonymous_0)","decl":{"start":{"line":7,"column":12},"end":{"line":7,"column":13}},"loc":{"start":{"line":7,"column":17},"end":{"line":7,"column":19}}}},"branchMap":{},"s":{"0":0,"1":0,"2":0,"3":0,"4":0},"f":{"0":0},"b":{}}
,"F:\\DP\\code\\explorer-core\\src\\database\\index\\IndexBase.ts": {"path":"F:\\DP\\code\\explorer-core\\src\\database\\index\\IndexBase.ts","statementMap":{"0":{"start":{"line":2,"column":0},"end":{"line":2,"column":null}},"1":{"start":{"line":10,"column":8},"end":{"line":10,"column":13}},"2":{"start":{"line":11,"column":8},"end":{"line":11,"column":13}},"3":{"start":{"line":12,"column":8},"end":{"line":12,"column":13}},"4":{"start":{"line":16,"column":25},"end":{"line":16,"column":45}},"5":{"start":{"line":17,"column":21},"end":{"line":17,"column":35}},"6":{"start":{"line":18,"column":18},"end":{"line":18,"column":22}},"7":{"start":{"line":18,"column":35},"end":{"line":18,"column":null}},"8":{"start":{"line":19,"column":8},"end":{"line":19,"column":24}},"9":{"start":{"line":19,"column":17},"end":{"line":19,"column":24}},"10":{"start":{"line":21,"column":8},"end":{"line":21,"column":15}},"11":{"start":{"line":28,"column":25},"end":{"line":28,"column":45}},"12":{"start":{"line":29,"column":8},"end":{"line":29,"column":13}},"13":{"start":{"line":31,"column":8},"end":{"line":31,"column":15}}},"fnMap":{"0":{"name":"(anonymous_0)","decl":{"start":{"line":9,"column":4},"end":{"line":9,"column":16}},"loc":{"start":{"line":9,"column":65},"end":{"line":13,"column":null}}},"1":{"name":"(anonymous_1)","decl":{"start":{"line":15,"column":14},"end":{"line":15,"column":20}},"loc":{"start":{"line":15,"column":47},"end":{"line":25,"column":null}}},"2":{"name":"(anonymous_2)","decl":{"start":{"line":18,"column":28},"end":{"line":18,"column":31}},"loc":{"start":{"line":18,"column":35},"end":{"line":18,"column":null}}},"3":{"name":"(anonymous_3)","decl":{"start":{"line":27,"column":11},"end":{"line":27,"column":17}},"loc":{"start":{"line":27,"column":34},"end":{"line":38,"column":null}}}},"branchMap":{"0":{"loc":{"start":{"line":19,"column":8},"end":{"line":19,"column":24}},"type":"if","locations":[{"start":{"line":19,"column":8},"end":{"line":19,"column":24}},{"start":{"line":19,"column":8},"end":{"line":19,"column":24}}]}},"s":{"0":0,"1":0,"2":0,"3":0,"4":0,"5":0,"6":0,"7":0,"8":0,"9":0,"10":0,"11":0,"12":0,"13":0},"f":{"0":0,"1":0,"2":0,"3":0},"b":{"0":[0,0]}}
,"F:\\DP\\code\\explorer-core\\src\\database\\index\\bTree\\BTree.ts": {"path":"F:\\DP\\code\\explorer-core\\src\\database\\index\\bTree\\BTree.ts","statementMap":{"0":{"start":{"line":1,"column":0},"end":{"line":1,"column":null}},"1":{"start":{"line":16,"column":22},"end":{"line":16,"column":null}},"2":{"start":{"line":27,"column":8},"end":{"line":27,"column":13}},"3":{"start":{"line":28,"column":8},"end":{"line":28,"column":13}},"4":{"start":{"line":29,"column":8},"end":{"line":29,"column":13}},"5":{"start":{"line":33,"column":19},"end":{"line":33,"column":24}},"6":{"start":{"line":34,"column":31},"end":{"line":34,"column":36}},"7":{"start":{"line":36,"column":8},"end":{"line":40,"column":null}},"8":{"start":{"line":37,"column":12},"end":{"line":37,"column":19}},"9":{"start":{"line":39,"column":12},"end":{"line":39,"column":19}},"10":{"start":{"line":44,"column":19},"end":{"line":44,"column":24}},"11":{"start":{"line":45,"column":31},"end":{"line":45,"column":36}},"12":{"start":{"line":47,"column":8},"end":{"line":51,"column":null}},"13":{"start":{"line":49,"column":12},"end":{"line":49,"column":16}},"14":{"start":{"line":50,"column":12},"end":{"line":50,"column":null}},"15":{"start":{"line":53,"column":8},"end":{"line":53,"column":12}},"16":{"start":{"line":55,"column":8},"end":{"line":57,"column":null}},"17":{"start":{"line":56,"column":12},"end":{"line":56,"column":17}},"18":{"start":{"line":61,"column":23},"end":{"line":61,"column":27}},"19":{"start":{"line":64,"column":21},"end":{"line":64,"column":null}},"20":{"start":{"line":66,"column":34},"end":{"line":66,"column":null}},"21":{"start":{"line":72,"column":8},"end":{"line":72,"column":12}},"22":{"start":{"line":74,"column":8},"end":{"line":81,"column":null}},"23":{"start":{"line":75,"column":29},"end":{"line":75,"column":null}},"24":{"start":{"line":76,"column":12},"end":{"line":76,"column":16}},"25":{"start":{"line":78,"column":12},"end":{"line":80,"column":null}},"26":{"start":{"line":79,"column":16},"end":{"line":79,"column":21}},"27":{"start":{"line":83,"column":21},"end":{"line":83,"column":null}},"28":{"start":{"line":84,"column":8},"end":{"line":102,"column":null}},"29":{"start":{"line":85,"column":28},"end":{"line":85,"column":33}},"30":{"start":{"line":87,"column":12},"end":{"line":87,"column":18}},"31":{"start":{"line":88,"column":12},"end":{"line":88,"column":18}},"32":{"start":{"line":90,"column":12},"end":{"line":92,"column":null}},"33":{"start":{"line":91,"column":16},"end":{"line":91,"column":21}},"34":{"start":{"line":94,"column":12},"end":{"line":94,"column":17}},"35":{"start":{"line":101,"column":12},"end":{"line":101,"column":16}},"36":{"start":{"line":106,"column":8},"end":{"line":113,"column":null}},"37":{"start":{"line":107,"column":12},"end":{"line":107,"column":19}},"38":{"start":{"line":109,"column":35},"end":{"line":109,"column":40}},"39":{"start":{"line":111,"column":24},"end":{"line":111,"column":28}},"40":{"start":{"line":112,"column":12},"end":{"line":112,"column":19}},"41":{"start":{"line":121,"column":8},"end":{"line":123,"column":null}},"42":{"start":{"line":122,"column":12},"end":{"line":122,"column":19}},"43":{"start":{"line":125,"column":18},"end":{"line":125,"column":null}},"44":{"start":{"line":126,"column":8},"end":{"line":128,"column":null}},"45":{"start":{"line":127,"column":12},"end":{"line":127,"column":null}},"46":{"start":{"line":130,"column":20},"end":{"line":130,"column":25}},"47":{"start":{"line":131,"column":25},"end":{"line":131,"column":30}},"48":{"start":{"line":132,"column":8},"end":{"line":138,"column":null}},"49":{"start":{"line":133,"column":12},"end":{"line":133,"column":19}},"50":{"start":{"line":134,"column":15},"end":{"line":138,"column":null}},"51":{"start":{"line":135,"column":12},"end":{"line":135,"column":19}},"52":{"start":{"line":137,"column":12},"end":{"line":137,"column":19}},"53":{"start":{"line":147,"column":8},"end":{"line":149,"column":null}},"54":{"start":{"line":148,"column":12},"end":{"line":148,"column":19}},"55":{"start":{"line":151,"column":18},"end":{"line":151,"column":22}},"56":{"start":{"line":152,"column":25},"end":{"line":152,"column":30}},"57":{"start":{"line":153,"column":8},"end":{"line":169,"column":null}},"58":{"start":{"line":154,"column":12},"end":{"line":154,"column":19}},"59":{"start":{"line":155,"column":15},"end":{"line":169,"column":null}},"60":{"start":{"line":156,"column":12},"end":{"line":156,"column":19}},"61":{"start":{"line":163,"column":12},"end":{"line":163,"column":19}},"62":{"start":{"line":173,"column":8},"end":{"line":183,"column":null}},"63":{"start":{"line":174,"column":12},"end":{"line":174,"column":19}},"64":{"start":{"line":176,"column":12},"end":{"line":182,"column":null}},"65":{"start":{"line":177,"column":16},"end":{"line":177,"column":23}},"66":{"start":{"line":178,"column":19},"end":{"line":182,"column":null}},"67":{"start":{"line":179,"column":16},"end":{"line":179,"column":23}},"68":{"start":{"line":181,"column":16},"end":{"line":181,"column":23}},"69":{"start":{"line":187,"column":8},"end":{"line":187,"column":15}},"70":{"start":{"line":203,"column":29},"end":{"line":203,"column":null}},"71":{"start":{"line":205,"column":8},"end":{"line":212,"column":null}},"72":{"start":{"line":206,"column":30},"end":{"line":206,"column":null}},"73":{"start":{"line":207,"column":12},"end":{"line":207,"column":18}},"74":{"start":{"line":213,"column":8},"end":{"line":227,"column":null}},"75":{"start":{"line":214,"column":23},"end":{"line":214,"column":null}},"76":{"start":{"line":215,"column":12},"end":{"line":226,"column":null}},"77":{"start":{"line":215,"column":25},"end":{"line":215,"column":28}},"78":{"start":{"line":216,"column":34},"end":{"line":216,"column":null}},"79":{"start":{"line":217,"column":16},"end":{"line":217,"column":22}},"80":{"start":{"line":228,"column":8},"end":{"line":228,"column":15}}},"fnMap":{"0":{"name":"(anonymous_0)","decl":{"start":{"line":23,"column":4},"end":{"line":23,"column":null}},"loc":{"start":{"line":25,"column":43},"end":{"line":30,"column":null}}},"1":{"name":"(anonymous_1)","decl":{"start":{"line":32,"column":11},"end":{"line":32,"column":15}},"loc":{"start":{"line":32,"column":22},"end":{"line":41,"column":null}}},"2":{"name":"(anonymous_2)","decl":{"start":{"line":43,"column":11},"end":{"line":43,"column":14}},"loc":{"start":{"line":43,"column":31},"end":{"line":58,"column":null}}},"3":{"name":"(anonymous_3)","decl":{"start":{"line":60,"column":12},"end":{"line":60,"column":17}},"loc":{"start":{"line":60,"column":34},"end":{"line":103,"column":null}}},"4":{"name":"(anonymous_4)","decl":{"start":{"line":105,"column":12},"end":{"line":105,"column":20}},"loc":{"start":{"line":105,"column":45},"end":{"line":114,"column":null}}},"5":{"name":"(anonymous_5)","decl":{"start":{"line":117,"column":12},"end":{"line":117,"column":25}},"loc":{"start":{"line":119,"column":24},"end":{"line":139,"column":null}}},"6":{"name":"(anonymous_6)","decl":{"start":{"line":141,"column":12},"end":{"line":141,"column":31}},"loc":{"start":{"line":145,"column":19},"end":{"line":170,"column":null}}},"7":{"name":"(anonymous_7)","decl":{"start":{"line":172,"column":12},"end":{"line":172,"column":22}},"loc":{"start":{"line":172,"column":33},"end":{"line":184,"column":null}}},"8":{"name":"(anonymous_8)","decl":{"start":{"line":186,"column":11},"end":{"line":186,"column":16}},"loc":{"start":{"line":186,"column":16},"end":{"line":194,"column":null}}},"9":{"name":"(anonymous_9)","decl":{"start":{"line":196,"column":12},"end":{"line":196,"column":21}},"loc":{"start":{"line":201,"column":23},"end":{"line":229,"column":null}}}},"branchMap":{"0":{"loc":{"start":{"line":24,"column":28},"end":{"line":24,"column":null}},"type":"default-arg","locations":[{"start":{"line":24,"column":28},"end":{"line":24,"column":null}}]},"1":{"loc":{"start":{"line":36,"column":8},"end":{"line":40,"column":null}},"type":"if","locations":[{"start":{"line":36,"column":8},"end":{"line":40,"column":null}},{"start":{"line":36,"column":8},"end":{"line":40,"column":null}}]},"2":{"loc":{"start":{"line":47,"column":8},"end":{"line":51,"column":null}},"type":"if","locations":[{"start":{"line":47,"column":8},"end":{"line":51,"column":null}},{"start":{"line":47,"column":8},"end":{"line":51,"column":null}}]},"3":{"loc":{"start":{"line":55,"column":8},"end":{"line":57,"column":null}},"type":"if","locations":[{"start":{"line":55,"column":8},"end":{"line":57,"column":null}},{"start":{"line":55,"column":8},"end":{"line":57,"column":null}}]},"4":{"loc":{"start":{"line":62,"column":51},"end":{"line":62,"column":55}},"type":"cond-expr","locations":[{"start":{"line":62,"column":51},"end":{"line":62,"column":55}},{"start":{"line":62,"column":55},"end":{"line":62,"column":61}}]},"5":{"loc":{"start":{"line":74,"column":8},"end":{"line":81,"column":null}},"type":"if","locations":[{"start":{"line":74,"column":8},"end":{"line":81,"column":null}},{"start":{"line":74,"column":8},"end":{"line":81,"column":null}}]},"6":{"loc":{"start":{"line":84,"column":8},"end":{"line":102,"column":null}},"type":"if","locations":[{"start":{"line":84,"column":8},"end":{"line":102,"column":null}},{"start":{"line":84,"column":8},"end":{"line":102,"column":null}}]},"7":{"loc":{"start":{"line":90,"column":12},"end":{"line":92,"column":null}},"type":"if","locations":[{"start":{"line":90,"column":12},"end":{"line":92,"column":null}},{"start":{"line":90,"column":12},"end":{"line":92,"column":null}}]},"8":{"loc":{"start":{"line":106,"column":8},"end":{"line":113,"column":null}},"type":"if","locations":[{"start":{"line":106,"column":8},"end":{"line":113,"column":null}},{"start":{"line":106,"column":8},"end":{"line":113,"column":null}}]},"9":{"loc":{"start":{"line":111,"column":55},"end":{"line":111,"column":59}},"type":"cond-expr","locations":[{"start":{"line":111,"column":55},"end":{"line":111,"column":59}},{"start":{"line":111,"column":59},"end":{"line":111,"column":null}}]},"10":{"loc":{"start":{"line":121,"column":8},"end":{"line":123,"column":null}},"type":"if","locations":[{"start":{"line":121,"column":8},"end":{"line":123,"column":null}},{"start":{"line":121,"column":8},"end":{"line":123,"column":null}}]},"11":{"loc":{"start":{"line":126,"column":8},"end":{"line":128,"column":null}},"type":"if","locations":[{"start":{"line":126,"column":8},"end":{"line":128,"column":null}},{"start":{"line":126,"column":8},"end":{"line":128,"column":null}}]},"12":{"loc":{"start":{"line":132,"column":8},"end":{"line":138,"column":null}},"type":"if","locations":[{"start":{"line":132,"column":8},"end":{"line":138,"column":null}},{"start":{"line":132,"column":8},"end":{"line":138,"column":null}}]},"13":{"loc":{"start":{"line":134,"column":15},"end":{"line":138,"column":null}},"type":"if","locations":[{"start":{"line":134,"column":15},"end":{"line":138,"column":null}},{"start":{"line":134,"column":15},"end":{"line":138,"column":null}}]},"14":{"loc":{"start":{"line":147,"column":8},"end":{"line":149,"column":null}},"type":"if","locations":[{"start":{"line":147,"column":8},"end":{"line":149,"column":null}},{"start":{"line":147,"column":8},"end":{"line":149,"column":null}}]},"15":{"loc":{"start":{"line":153,"column":8},"end":{"line":169,"column":null}},"type":"if","locations":[{"start":{"line":153,"column":8},"end":{"line":169,"column":null}},{"start":{"line":153,"column":8},"end":{"line":169,"column":null}}]},"16":{"loc":{"start":{"line":155,"column":15},"end":{"line":169,"column":null}},"type":"if","locations":[{"start":{"line":155,"column":15},"end":{"line":169,"column":null}},{"start":{"line":155,"column":15},"end":{"line":169,"column":null}}]},"17":{"loc":{"start":{"line":173,"column":8},"end":{"line":183,"column":null}},"type":"if","locations":[{"start":{"line":173,"column":8},"end":{"line":183,"column":null}},{"start":{"line":173,"column":8},"end":{"line":183,"column":null}}]},"18":{"loc":{"start":{"line":176,"column":12},"end":{"line":182,"column":null}},"type":"if","locations":[{"start":{"line":176,"column":12},"end":{"line":182,"column":null}},{"start":{"line":176,"column":12},"end":{"line":182,"column":null}}]},"19":{"loc":{"start":{"line":178,"column":19},"end":{"line":182,"column":null}},"type":"if","locations":[{"start":{"line":178,"column":19},"end":{"line":182,"column":null}},{"start":{"line":178,"column":19},"end":{"line":182,"column":null}}]},"20":{"loc":{"start":{"line":205,"column":8},"end":{"line":212,"column":null}},"type":"if","locations":[{"start":{"line":205,"column":8},"end":{"line":212,"column":null}},{"start":{"line":205,"column":8},"end":{"line":212,"column":null}}]},"21":{"loc":{"start":{"line":206,"column":39},"end":{"line":206,"column":64}},"type":"cond-expr","locations":[{"start":{"line":206,"column":39},"end":{"line":206,"column":64}},{"start":{"line":206,"column":64},"end":{"line":206,"column":null}}]},"22":{"loc":{"start":{"line":209,"column":26},"end":{"line":209,"column":35}},"type":"cond-expr","locations":[{"start":{"line":209,"column":26},"end":{"line":209,"column":35}},{"start":{"line":209,"column":35},"end":{"line":209,"column":null}}]},"23":{"loc":{"start":{"line":213,"column":8},"end":{"line":227,"column":null}},"type":"if","locations":[{"start":{"line":213,"column":8},"end":{"line":227,"column":null}},{"start":{"line":213,"column":8},"end":{"line":227,"column":null}}]},"24":{"loc":{"start":{"line":221,"column":43},"end":{"line":221,"column":52}},"type":"cond-expr","locations":[{"start":{"line":221,"column":43},"end":{"line":221,"column":52}},{"start":{"line":221,"column":52},"end":{"line":221,"column":null}}]}},"s":{"0":1,"1":1,"2":1,"3":1,"4":1,"5":1,"6":1,"7":1,"8":1,"9":0,"10":1,"11":1,"12":1,"13":0,"14":0,"15":1,"16":1,"17":0,"18":0,"19":0,"20":0,"21":0,"22":0,"23":0,"24":0,"25":0,"26":0,"27":0,"28":0,"29":0,"30":0,"31":0,"32":0,"33":0,"34":0,"35":0,"36":2,"37":2,"38":0,"39":0,"40":0,"41":2,"42":1,"43":1,"44":1,"45":0,"46":1,"47":1,"48":1,"49":1,"50":0,"51":0,"52":0,"53":1,"54":1,"55":0,"56":0,"57":0,"58":0,"59":0,"60":0,"61":0,"62":1,"63":0,"64":1,"65":0,"66":1,"67":0,"68":1,"69":0,"70":0,"71":0,"72":0,"73":0,"74":0,"75":0,"76":0,"77":0,"78":0,"79":0,"80":0},"f":{"0":1,"1":1,"2":1,"3":0,"4":2,"5":2,"6":1,"7":1,"8":0,"9":0},"b":{"0":[1],"1":[1,0],"2":[0,1],"3":[0,1],"4":[0,0],"5":[0,0],"6":[0,0],"7":[0,0],"8":[2,0],"9":[0,0],"10":[1,1],"11":[0,1],"12":[1,0],"13":[0,0],"14":[1,0],"15":[0,0],"16":[0,0],"17":[0,1],"18":[0,1],"19":[0,1],"20":[0,0],"21":[0,0],"22":[0,0],"23":[0,0],"24":[0,0]}}
,"F:\\DP\\code\\explorer-core\\src\\database\\index\\bTree\\LocalBTreeChildren.ts": {"path":"F:\\DP\\code\\explorer-core\\src\\database\\index\\bTree\\LocalBTreeChildren.ts","statementMap":{"0":{"start":{"line":6,"column":8},"end":{"line":6,"column":13}},"1":{"start":{"line":12,"column":8},"end":{"line":12,"column":15}},"2":{"start":{"line":16,"column":8},"end":{"line":16,"column":15}},"3":{"start":{"line":19,"column":8},"end":{"line":19,"column":15}},"4":{"start":{"line":22,"column":8},"end":{"line":22,"column":15}},"5":{"start":{"line":25,"column":16},"end":{"line":25,"column":null}},"6":{"start":{"line":26,"column":8},"end":{"line":26,"column":15}},"7":{"start":{"line":27,"column":25},"end":{"line":27,"column":null}},"8":{"start":{"line":35,"column":8},"end":{"line":35,"column":15}},"9":{"start":{"line":39,"column":8},"end":{"line":39,"column":15}}},"fnMap":{"0":{"name":"(anonymous_0)","decl":{"start":{"line":5,"column":4},"end":{"line":5,"column":16}},"loc":{"start":{"line":5,"column":41},"end":{"line":7,"column":null}}},"1":{"name":"(anonymous_1)","decl":{"start":{"line":11,"column":4},"end":{"line":11,"column":10}},"loc":{"start":{"line":11,"column":70},"end":{"line":13,"column":null}}},"2":{"name":"(anonymous_2)","decl":{"start":{"line":15,"column":4},"end":{"line":15,"column":9}},"loc":{"start":{"line":15,"column":38},"end":{"line":17,"column":null}}},"3":{"name":"(anonymous_3)","decl":{"start":{"line":18,"column":4},"end":{"line":18,"column":9}},"loc":{"start":{"line":18,"column":9},"end":{"line":20,"column":null}}},"4":{"name":"(anonymous_4)","decl":{"start":{"line":21,"column":4},"end":{"line":21,"column":8}},"loc":{"start":{"line":21,"column":32},"end":{"line":23,"column":null}}},"5":{"name":"(anonymous_5)","decl":{"start":{"line":24,"column":4},"end":{"line":24,"column":5}},"loc":{"start":{"line":24,"column":21},"end":{"line":32,"column":null}}},"6":{"name":"(anonymous_6)","decl":{"start":{"line":27,"column":18},"end":{"line":27,"column":25}},"loc":{"start":{"line":27,"column":25},"end":{"line":27,"column":null}}},"7":{"name":"(anonymous_7)","decl":{"start":{"line":34,"column":4},"end":{"line":34,"column":8}},"loc":{"start":{"line":34,"column":14},"end":{"line":36,"column":null}}},"8":{"name":"(anonymous_8)","decl":{"start":{"line":38,"column":4},"end":{"line":38,"column":7}},"loc":{"start":{"line":38,"column":17},"end":{"line":40,"column":null}}}},"branchMap":{"0":{"loc":{"start":{"line":5,"column":39},"end":{"line":5,"column":41}},"type":"default-arg","locations":[{"start":{"line":5,"column":39},"end":{"line":5,"column":41}}]}},"s":{"0":1,"1":1,"2":0,"3":0,"4":0,"5":0,"6":0,"7":0,"8":4,"9":2},"f":{"0":1,"1":1,"2":0,"3":0,"4":0,"5":0,"6":0,"7":4,"8":2},"b":{"0":[1]}}
,"F:\\DP\\code\\explorer-core\\src\\database\\index\\hashtable\\Hashtable.ts": {"path":"F:\\DP\\code\\explorer-core\\src\\database\\index\\hashtable\\Hashtable.ts","statementMap":{"0":{"start":{"line":2,"column":0},"end":{"line":2,"column":null}},"1":{"start":{"line":3,"column":0},"end":{"line":3,"column":null}},"2":{"start":{"line":9,"column":8},"end":{"line":9,"column":14}},"3":{"start":{"line":6,"column":11},"end":{"line":6,"column":23}},"4":{"start":{"line":13,"column":8},"end":{"line":16,"column":null}},"5":{"start":{"line":14,"column":29},"end":{"line":14,"column":39}},"6":{"start":{"line":15,"column":12},"end":{"line":15,"column":17}},"7":{"start":{"line":18,"column":31},"end":{"line":18,"column":41}},"8":{"start":{"line":19,"column":8},"end":{"line":19,"column":15}}},"fnMap":{"0":{"name":"(anonymous_0)","decl":{"start":{"line":8,"column":4},"end":{"line":8,"column":16}},"loc":{"start":{"line":8,"column":65},"end":{"line":10,"column":null}}},"1":{"name":"(anonymous_1)","decl":{"start":{"line":12,"column":11},"end":{"line":12,"column":17}},"loc":{"start":{"line":12,"column":23},"end":{"line":20,"column":null}}}},"branchMap":{},"s":{"0":0,"1":0,"2":0,"3":0,"4":0,"5":0,"6":0,"7":0,"8":0},"f":{"0":0,"1":0},"b":{}}
,"F:\\DP\\code\\explorer-core\\src\\database\\index\\reverseLookup\\ReverseLookup.ts": {"path":"F:\\DP\\code\\explorer-core\\src\\database\\index\\reverseLookup\\ReverseLookup.ts","statementMap":{"0":{"start":{"line":1,"column":0},"end":{"line":1,"column":null}},"1":{"start":{"line":3,"column":0},"end":{"line":3,"column":null}},"2":{"start":{"line":5,"column":19},"end":{"line":5,"column":null}},"3":{"start":{"line":17,"column":8},"end":{"line":17,"column":14}},"4":{"start":{"line":8,"column":11},"end":{"line":8,"column":23}},"5":{"start":{"line":18,"column":8},"end":{"line":18,"column":13}},"6":{"start":{"line":22,"column":8},"end":{"line":40,"column":null}},"7":{"start":{"line":23,"column":29},"end":{"line":23,"column":39}},"8":{"start":{"line":24,"column":30},"end":{"line":24,"column":36}},"9":{"start":{"line":25,"column":12},"end":{"line":27,"column":null}},"10":{"start":{"line":26,"column":16},"end":{"line":26,"column":19}},"11":{"start":{"line":28,"column":12},"end":{"line":28,"column":15}},"12":{"start":{"line":34,"column":24},"end":{"line":34,"column":null}},"13":{"start":{"line":35,"column":12},"end":{"line":38,"column":null}},"14":{"start":{"line":36,"column":29},"end":{"line":36,"column":32}},"15":{"start":{"line":37,"column":16},"end":{"line":37,"column":21}},"16":{"start":{"line":39,"column":12},"end":{"line":39,"column":17}},"17":{"start":{"line":42,"column":31},"end":{"line":42,"column":42}},"18":{"start":{"line":46,"column":8},"end":{"line":46,"column":15}},"19":{"start":{"line":50,"column":8},"end":{"line":52,"column":null}},"20":{"start":{"line":51,"column":12},"end":{"line":51,"column":17}},"21":{"start":{"line":53,"column":8},"end":{"line":53,"column":15}},"22":{"start":{"line":57,"column":8},"end":{"line":82,"column":null}},"23":{"start":{"line":58,"column":12},"end":{"line":58,"column":19}},"24":{"start":{"line":60,"column":31},"end":{"line":60,"column":null}},"25":{"start":{"line":61,"column":12},"end":{"line":73,"column":null}},"26":{"start":{"line":62,"column":16},"end":{"line":62,"column":21}},"27":{"start":{"line":64,"column":24},"end":{"line":64,"column":31}},"28":{"start":{"line":75,"column":12},"end":{"line":75,"column":18}},"29":{"start":{"line":76,"column":16},"end":{"line":78,"column":null}},"30":{"start":{"line":77,"column":20},"end":{"line":77,"column":25}},"31":{"start":{"line":81,"column":12},"end":{"line":81,"column":19}}},"fnMap":{"0":{"name":"(anonymous_0)","decl":{"start":{"line":11,"column":4},"end":{"line":11,"column":null}},"loc":{"start":{"line":15,"column":28},"end":{"line":19,"column":null}}},"1":{"name":"(anonymous_1)","decl":{"start":{"line":21,"column":11},"end":{"line":21,"column":17}},"loc":{"start":{"line":21,"column":23},"end":{"line":47,"column":null}}},"2":{"name":"(anonymous_2)","decl":{"start":{"line":49,"column":12},"end":{"line":49,"column":31}},"loc":{"start":{"line":49,"column":42},"end":{"line":54,"column":null}}},"3":{"name":"(anonymous_3)","decl":{"start":{"line":56,"column":12},"end":{"line":56,"column":18}},"loc":{"start":{"line":56,"column":71},"end":{"line":83,"column":null}}},"4":{"name":"(anonymous_4)","decl":{"start":{"line":63,"column":32},"end":{"line":63,"column":39}},"loc":{"start":{"line":63,"column":58},"end":{"line":71,"column":null}}},"5":{"name":"(anonymous_5)","decl":{"start":{"line":75,"column":43},"end":{"line":75,"column":59}},"loc":{"start":{"line":75,"column":59},"end":{"line":79,"column":null}}}},"branchMap":{"0":{"loc":{"start":{"line":50,"column":8},"end":{"line":52,"column":null}},"type":"if","locations":[{"start":{"line":50,"column":8},"end":{"line":52,"column":null}},{"start":{"line":50,"column":8},"end":{"line":52,"column":null}}]},"1":{"loc":{"start":{"line":57,"column":8},"end":{"line":82,"column":null}},"type":"if","locations":[{"start":{"line":57,"column":8},"end":{"line":82,"column":null}},{"start":{"line":57,"column":8},"end":{"line":82,"column":null}}]}},"s":{"0":0,"1":0,"2":0,"3":0,"4":0,"5":0,"6":0,"7":0,"8":0,"9":0,"10":0,"11":0,"12":0,"13":0,"14":0,"15":0,"16":0,"17":0,"18":0,"19":0,"20":0,"21":0,"22":0,"23":0,"24":0,"25":0,"26":0,"27":0,"28":0,"29":0,"30":0,"31":0},"f":{"0":0,"1":0,"2":0,"3":0,"4":0,"5":0},"b":{"0":[0,0],"1":[0,0]}}
,"F:\\DP\\code\\explorer-core\\src\\ipfs\\DAG.ts": {"path":"F:\\DP\\code\\explorer-core\\src\\ipfs\\DAG.ts","statementMap":{"0":{"start":{"line":1,"column":0},"end":{"line":1,"column":null}},"1":{"start":{"line":5,"column":8},"end":{"line":5,"column":15}},"2":{"start":{"line":9,"column":21},"end":{"line":9,"column":30}},"3":{"start":{"line":10,"column":20},"end":{"line":10,"column":30}},"4":{"start":{"line":11,"column":8},"end":{"line":11,"column":15}},"5":{"start":{"line":15,"column":21},"end":{"line":15,"column":30}},"6":{"start":{"line":16,"column":23},"end":{"line":16,"column":33}},"7":{"start":{"line":17,"column":8},"end":{"line":17,"column":15}}},"fnMap":{"0":{"name":"(anonymous_0)","decl":{"start":{"line":4,"column":12},"end":{"line":4,"column":25}},"loc":{"start":{"line":4,"column":37},"end":{"line":6,"column":null}}},"1":{"name":"(anonymous_1)","decl":{"start":{"line":8,"column":11},"end":{"line":8,"column":24}},"loc":{"start":{"line":8,"column":42},"end":{"line":12,"column":null}}},"2":{"name":"(anonymous_2)","decl":{"start":{"line":14,"column":11},"end":{"line":14,"column":24}},"loc":{"start":{"line":14,"column":53},"end":{"line":18,"column":null}}}},"branchMap":{},"s":{"0":0,"1":0,"2":0,"3":0,"4":0,"5":0,"6":0,"7":0},"f":{"0":0,"1":0,"2":0},"b":{}}
,"F:\\DP\\code\\explorer-core\\src\\ipfs\\IPFSConnector.ts": {"path":"F:\\DP\\code\\explorer-core\\src\\ipfs\\IPFSConnector.ts","statementMap":{"0":{"start":{"line":2,"column":0},"end":{"line":2,"column":null}},"1":{"start":{"line":3,"column":0},"end":{"line":3,"column":null}},"2":{"start":{"line":4,"column":0},"end":{"line":4,"column":null}},"3":{"start":{"line":12,"column":8},"end":{"line":12,"column":21}},"4":{"start":{"line":16,"column":8},"end":{"line":42,"column":null}},"5":{"start":{"line":17,"column":12},"end":{"line":17,"column":25}},"6":{"start":{"line":19,"column":12},"end":{"line":19,"column":25}},"7":{"start":{"line":22,"column":12},"end":{"line":22,"column":19}},"8":{"start":{"line":43,"column":8},"end":{"line":43,"column":15}},"9":{"start":{"line":47,"column":8},"end":{"line":47,"column":15}},"10":{"start":{"line":51,"column":8},"end":{"line":56,"column":null}},"11":{"start":{"line":52,"column":12},"end":{"line":52,"column":17}},"12":{"start":{"line":53,"column":12},"end":{"line":53,"column":19}},"13":{"start":{"line":55,"column":12},"end":{"line":55,"column":19}},"14":{"start":{"line":8,"column":19},"end":{"line":8,"column":36}}},"fnMap":{"0":{"name":"(anonymous_0)","decl":{"start":{"line":11,"column":4},"end":{"line":11,"column":11}},"loc":{"start":{"line":11,"column":35},"end":{"line":13,"column":null}}},"1":{"name":"(anonymous_1)","decl":{"start":{"line":15,"column":4},"end":{"line":15,"column":17}},"loc":{"start":{"line":15,"column":33},"end":{"line":44,"column":null}}},"2":{"name":"(anonymous_2)","decl":{"start":{"line":46,"column":4},"end":{"line":46,"column":8}},"loc":{"start":{"line":46,"column":12},"end":{"line":48,"column":null}}},"3":{"name":"(anonymous_3)","decl":{"start":{"line":50,"column":11},"end":{"line":50,"column":19}},"loc":{"start":{"line":50,"column":19},"end":{"line":57,"column":null}}}},"branchMap":{"0":{"loc":{"start":{"line":16,"column":8},"end":{"line":42,"column":null}},"type":"if","locations":[{"start":{"line":16,"column":8},"end":{"line":42,"column":null}},{"start":{"line":16,"column":8},"end":{"line":42,"column":null}}]}},"s":{"0":1,"1":1,"2":1,"3":3,"4":9,"5":1,"6":1,"7":0,"8":8,"9":3,"10":3,"11":3,"12":0,"13":3,"14":1},"f":{"0":3,"1":9,"2":3,"3":3},"b":{"0":[1,8]}}
,"F:\\DP\\code\\explorer-core\\src\\ipfs\\ipfsDefaultConfig.ts": {"path":"F:\\DP\\code\\explorer-core\\src\\ipfs\\ipfsDefaultConfig.ts","statementMap":{"0":{"start":{"line":1,"column":0},"end":{"line":1,"column":null}},"1":{"start":{"line":2,"column":0},"end":{"line":2,"column":null}},"2":{"start":{"line":3,"column":0},"end":{"line":3,"column":null}},"3":{"start":{"line":4,"column":0},"end":{"line":4,"column":null}},"4":{"start":{"line":5,"column":0},"end":{"line":5,"column":null}},"5":{"start":{"line":6,"column":0},"end":{"line":6,"column":null}},"6":{"start":{"line":7,"column":0},"end":{"line":7,"column":null}},"7":{"start":{"line":8,"column":0},"end":{"line":8,"column":null}},"8":{"start":{"line":9,"column":0},"end":{"line":9,"column":null}},"9":{"start":{"line":10,"column":0},"end":{"line":10,"column":null}},"10":{"start":{"line":11,"column":0},"end":{"line":11,"column":null}},"11":{"start":{"line":12,"column":0},"end":{"line":12,"column":null}},"12":{"start":{"line":13,"column":0},"end":{"line":13,"column":null}},"13":{"start":{"line":14,"column":0},"end":{"line":14,"column":null}},"14":{"start":{"line":16,"column":21},"end":{"line":16,"column":26}},"15":{"start":{"line":24,"column":21},"end":{"line":88,"column":null}},"16":{"start":{"line":26,"column":21},"end":{"line":26,"column":null}},"17":{"start":{"line":27,"column":21},"end":{"line":27,"column":null}},"18":{"start":{"line":28,"column":26},"end":{"line":28,"column":null}},"19":{"start":{"line":31,"column":19},"end":{"line":31,"column":23}},"20":{"start":{"line":36,"column":4},"end":{"line":36,"column":11}},"21":{"start":{"line":90,"column":15},"end":{"line":90,"column":null}}},"fnMap":{"0":{"name":"(anonymous_0)","decl":{"start":{"line":24,"column":21},"end":{"line":24,"column":25}},"loc":{"start":{"line":24,"column":28},"end":{"line":88,"column":null}}}},"branchMap":{},"s":{"0":1,"1":1,"2":1,"3":1,"4":1,"5":1,"6":1,"7":1,"8":1,"9":1,"10":1,"11":1,"12":1,"13":1,"14":1,"15":1,"16":0,"17":0,"18":0,"19":0,"20":0,"21":1},"f":{"0":0},"b":{}}
,"F:\\DP\\code\\explorer-core\\src\\models\\Address.ts": {"path":"F:\\DP\\code\\explorer-core\\src\\models\\Address.ts","statementMap":{"0":{"start":{"line":1,"column":0},"end":{"line":1,"column":null}},"1":{"start":{"line":5,"column":8},"end":{"line":5,"column":15}}},"fnMap":{"0":{"name":"(anonymous_0)","decl":{"start":{"line":4,"column":4},"end":{"line":4,"column":null}},"loc":{"start":{"line":4,"column":4},"end":{"line":6,"column":null}}}},"branchMap":{},"s":{"0":0,"1":0},"f":{"0":0},"b":{}}
,"F:\\DP\\code\\explorer-core\\src\\models\\Block.ts": {"path":"F:\\DP\\code\\explorer-core\\src\\models\\Block.ts","statementMap":{"0":{"start":{"line":1,"column":0},"end":{"line":1,"column":null}},"1":{"start":{"line":5,"column":8},"end":{"line":5,"column":15}}},"fnMap":{"0":{"name":"(anonymous_0)","decl":{"start":{"line":4,"column":4},"end":{"line":4,"column":null}},"loc":{"start":{"line":4,"column":4},"end":{"line":6,"column":null}}}},"branchMap":{},"s":{"0":0,"1":0},"f":{"0":0},"b":{}}
,"F:\\DP\\code\\explorer-core\\src\\models\\Transaction.ts": {"path":"F:\\DP\\code\\explorer-core\\src\\models\\Transaction.ts","statementMap":{"0":{"start":{"line":1,"column":0},"end":{"line":1,"column":null}},"1":{"start":{"line":5,"column":8},"end":{"line":5,"column":15}}},"fnMap":{"0":{"name":"(anonymous_0)","decl":{"start":{"line":4,"column":4},"end":{"line":4,"column":null}},"loc":{"start":{"line":4,"column":4},"end":{"line":6,"column":null}}}},"branchMap":{},"s":{"0":0,"1":0},"f":{"0":0},"b":{}}
}
