{"F:\\DP\\code\\explorer-core\\src\\common.ts": {"path":"F:\\DP\\code\\explorer-core\\src\\common.ts","statementMap":{"0":{"start":{"line":2,"column":4},"end":{"line":2,"column":11}},"1":{"start":{"line":2,"column":34},"end":{"line":2,"column":45}}},"fnMap":{"0":{"name":"delay","decl":{"start":{"line":1,"column":16},"end":{"line":1,"column":22}},"loc":{"start":{"line":1,"column":32},"end":{"line":3,"column":null}}},"1":{"name":"(anonymous_1)","decl":{"start":{"line":2,"column":23},"end":{"line":2,"column":30}},"loc":{"start":{"line":2,"column":34},"end":{"line":2,"column":45}}}},"branchMap":{},"s":{"0":0,"1":0},"f":{"0":0,"1":0},"b":{}}
,"F:\\DP\\code\\explorer-core\\src\\logger.ts": {"path":"F:\\DP\\code\\explorer-core\\src\\logger.ts","statementMap":{"0":{"start":{"line":1,"column":0},"end":{"line":1,"column":null}},"1":{"start":{"line":2,"column":0},"end":{"line":2,"column":null}},"2":{"start":{"line":4,"column":0},"end":{"line":4,"column":null}},"3":{"start":{"line":5,"column":0},"end":{"line":5,"column":null}},"4":{"start":{"line":7,"column":39},"end":{"line":7,"column":null}},"5":{"start":{"line":32,"column":15},"end":{"line":32,"column":23}},"6":{"start":{"line":34,"column":0},"end":{"line":36,"column":null}},"7":{"start":{"line":35,"column":4},"end":{"line":35,"column":10}},"8":{"start":{"line":38,"column":15},"end":{"line":38,"column":null}}},"fnMap":{},"branchMap":{"0":{"loc":{"start":{"line":34,"column":0},"end":{"line":36,"column":null}},"type":"if","locations":[{"start":{"line":34,"column":0},"end":{"line":36,"column":null}},{"start":{"line":34,"column":0},"end":{"line":36,"column":null}}]}},"s":{"0":3,"1":3,"2":3,"3":3,"4":3,"5":3,"6":3,"7":3,"8":3},"f":{},"b":{"0":[3,0]}}
,"F:\\DP\\code\\explorer-core\\src\\main.ts": {"path":"F:\\DP\\code\\explorer-core\\src\\main.ts","statementMap":{"0":{"start":{"line":1,"column":0},"end":{"line":1,"column":null}},"1":{"start":{"line":2,"column":0},"end":{"line":2,"column":null}},"2":{"start":{"line":3,"column":0},"end":{"line":3,"column":null}},"3":{"start":{"line":4,"column":0},"end":{"line":4,"column":null}},"4":{"start":{"line":6,"column":0},"end":{"line":6,"column":4}},"5":{"start":{"line":8,"column":0},"end":{"line":8,"column":4}},"6":{"start":{"line":10,"column":17},"end":{"line":10,"column":19}}},"fnMap":{"0":{"name":"(anonymous_0)","decl":{"start":{"line":10,"column":12},"end":{"line":10,"column":13}},"loc":{"start":{"line":10,"column":17},"end":{"line":10,"column":19}}}},"branchMap":{},"s":{"0":0,"1":0,"2":0,"3":0,"4":0,"5":0,"6":0},"f":{"0":0},"b":{}}
,"F:\\DP\\code\\explorer-core\\src\\startup.ts": {"path":"F:\\DP\\code\\explorer-core\\src\\startup.ts","statementMap":{"0":{"start":{"line":1,"column":0},"end":{"line":1,"column":null}},"1":{"start":{"line":2,"column":0},"end":{"line":2,"column":null}},"2":{"start":{"line":4,"column":0},"end":{"line":4,"column":null}},"3":{"start":{"line":5,"column":0},"end":{"line":5,"column":null}},"4":{"start":{"line":6,"column":0},"end":{"line":6,"column":null}},"5":{"start":{"line":7,"column":0},"end":{"line":7,"column":null}},"6":{"start":{"line":8,"column":0},"end":{"line":8,"column":null}},"7":{"start":{"line":13,"column":20},"end":{"line":13,"column":24}},"8":{"start":{"line":14,"column":0},"end":{"line":14,"column":1}},"9":{"start":{"line":15,"column":17},"end":{"line":15,"column":null}},"10":{"start":{"line":16,"column":4},"end":{"line":16,"column":11}},"11":{"start":{"line":17,"column":4},"end":{"line":17,"column":18}},"12":{"start":{"line":18,"column":4},"end":{"line":18,"column":10}},"13":{"start":{"line":22,"column":24},"end":{"line":22,"column":28}},"14":{"start":{"line":23,"column":12},"end":{"line":23,"column":null}},"15":{"start":{"line":24,"column":4},"end":{"line":28,"column":null}},"16":{"start":{"line":25,"column":22},"end":{"line":25,"column":26}},"17":{"start":{"line":26,"column":8},"end":{"line":26,"column":14}},"18":{"start":{"line":27,"column":8},"end":{"line":27,"column":15}},"19":{"start":{"line":30,"column":4},"end":{"line":30,"column":11}}},"fnMap":{"0":{"name":"(anonymous_0)","decl":{"start":{"line":14,"column":1},"end":{"line":14,"column":6}},"loc":{"start":{"line":14,"column":6},"end":{"line":31,"column":null}}}},"branchMap":{},"s":{"0":0,"1":0,"2":0,"3":0,"4":0,"5":0,"6":0,"7":0,"8":0,"9":0,"10":0,"11":0,"12":0,"13":0,"14":0,"15":0,"16":0,"17":0,"18":0,"19":0},"f":{"0":0},"b":{}}
,"F:\\DP\\code\\explorer-core\\src\\database\\DAL\\conditions\\propertyCondition.ts": {"path":"F:\\DP\\code\\explorer-core\\src\\database\\DAL\\conditions\\propertyCondition.ts","statementMap":{"0":{"start":{"line":1,"column":0},"end":{"line":1,"column":null}},"1":{"start":{"line":4,"column":0},"end":{"line":4,"column":null}},"2":{"start":{"line":5,"column":0},"end":{"line":5,"column":null}},"3":{"start":{"line":6,"column":0},"end":{"line":6,"column":null}},"4":{"start":{"line":7,"column":0},"end":{"line":7,"column":null}},"5":{"start":{"line":15,"column":8},"end":{"line":15,"column":13}},"6":{"start":{"line":16,"column":8},"end":{"line":16,"column":13}},"7":{"start":{"line":20,"column":8},"end":{"line":20,"column":13}},"8":{"start":{"line":21,"column":8},"end":{"line":21,"column":13}},"9":{"start":{"line":26,"column":8},"end":{"line":26,"column":15}},"10":{"start":{"line":30,"column":8},"end":{"line":30,"column":13}},"11":{"start":{"line":31,"column":8},"end":{"line":31,"column":13}},"12":{"start":{"line":36,"column":8},"end":{"line":36,"column":15}},"13":{"start":{"line":40,"column":8},"end":{"line":40,"column":13}},"14":{"start":{"line":41,"column":8},"end":{"line":41,"column":13}},"15":{"start":{"line":46,"column":8},"end":{"line":46,"column":15}},"16":{"start":{"line":50,"column":8},"end":{"line":50,"column":13}},"17":{"start":{"line":51,"column":8},"end":{"line":51,"column":13}},"18":{"start":{"line":56,"column":8},"end":{"line":56,"column":15}}},"fnMap":{"0":{"name":"(anonymous_0)","decl":{"start":{"line":14,"column":4},"end":{"line":14,"column":16}},"loc":{"start":{"line":14,"column":60},"end":{"line":17,"column":null}}},"1":{"name":"(anonymous_1)","decl":{"start":{"line":19,"column":11},"end":{"line":19,"column":23}},"loc":{"start":{"line":19,"column":29},"end":{"line":27,"column":null}}},"2":{"name":"(anonymous_2)","decl":{"start":{"line":29,"column":11},"end":{"line":29,"column":19}},"loc":{"start":{"line":29,"column":25},"end":{"line":37,"column":null}}},"3":{"name":"(anonymous_3)","decl":{"start":{"line":39,"column":11},"end":{"line":39,"column":16}},"loc":{"start":{"line":39,"column":22},"end":{"line":47,"column":null}}},"4":{"name":"(anonymous_4)","decl":{"start":{"line":49,"column":11},"end":{"line":49,"column":18}},"loc":{"start":{"line":49,"column":27},"end":{"line":57,"column":null}}}},"branchMap":{},"s":{"0":2,"1":2,"2":2,"3":2,"4":2,"5":1,"6":1,"7":0,"8":0,"9":0,"10":0,"11":0,"12":0,"13":1,"14":1,"15":1,"16":0,"17":0,"18":0},"f":{"0":1,"1":0,"2":0,"3":1,"4":0},"b":{}}
,"F:\\DP\\code\\explorer-core\\src\\database\\DAL\\conditions\\comparators\\between.ts": {"path":"F:\\DP\\code\\explorer-core\\src\\database\\DAL\\conditions\\comparators\\between.ts","statementMap":{"0":{"start":{"line":2,"column":0},"end":{"line":2,"column":null}},"1":{"start":{"line":11,"column":8},"end":{"line":11,"column":13}},"2":{"start":{"line":12,"column":8},"end":{"line":12,"column":13}},"3":{"start":{"line":13,"column":8},"end":{"line":13,"column":13}},"4":{"start":{"line":14,"column":8},"end":{"line":14,"column":13}},"5":{"start":{"line":18,"column":8},"end":{"line":18,"column":15}}},"fnMap":{"0":{"name":"(anonymous_0)","decl":{"start":{"line":10,"column":4},"end":{"line":10,"column":16}},"loc":{"start":{"line":10,"column":50},"end":{"line":15,"column":null}}},"1":{"name":"(anonymous_1)","decl":{"start":{"line":17,"column":11},"end":{"line":17,"column":15}},"loc":{"start":{"line":17,"column":24},"end":{"line":19,"column":null}}},"2":{"name":"(anonymous_2)","decl":{"start":{"line":21,"column":11},"end":{"line":21,"column":17}},"loc":{"start":{"line":21,"column":51},"end":{"line":23,"column":null}}}},"branchMap":{"0":{"loc":{"start":{"line":18,"column":15},"end":{"line":18,"column":33}},"type":"binary-expr","locations":[{"start":{"line":18,"column":15},"end":{"line":18,"column":33}},{"start":{"line":18,"column":33},"end":{"line":18,"column":null}}]}},"s":{"0":2,"1":0,"2":0,"3":0,"4":0,"5":0},"f":{"0":0,"1":0,"2":0},"b":{"0":[0,0]}}
,"F:\\DP\\code\\explorer-core\\src\\database\\DAL\\conditions\\comparators\\equal.ts": {"path":"F:\\DP\\code\\explorer-core\\src\\database\\DAL\\conditions\\comparators\\equal.ts","statementMap":{"0":{"start":{"line":2,"column":0},"end":{"line":2,"column":null}},"1":{"start":{"line":10,"column":8},"end":{"line":10,"column":13}},"2":{"start":{"line":11,"column":8},"end":{"line":11,"column":13}},"3":{"start":{"line":12,"column":8},"end":{"line":12,"column":13}},"4":{"start":{"line":16,"column":8},"end":{"line":16,"column":15}}},"fnMap":{"0":{"name":"(anonymous_0)","decl":{"start":{"line":9,"column":4},"end":{"line":9,"column":16}},"loc":{"start":{"line":9,"column":43},"end":{"line":13,"column":null}}},"1":{"name":"(anonymous_1)","decl":{"start":{"line":15,"column":11},"end":{"line":15,"column":15}},"loc":{"start":{"line":15,"column":24},"end":{"line":17,"column":null}}},"2":{"name":"(anonymous_2)","decl":{"start":{"line":19,"column":11},"end":{"line":19,"column":17}},"loc":{"start":{"line":19,"column":51},"end":{"line":40,"column":null}}}},"branchMap":{},"s":{"0":2,"1":1,"2":1,"3":1,"4":0},"f":{"0":1,"1":0,"2":1},"b":{}}
,"F:\\DP\\code\\explorer-core\\src\\database\\DAL\\conditions\\comparators\\greatherThan.ts": {"path":"F:\\DP\\code\\explorer-core\\src\\database\\DAL\\conditions\\comparators\\greatherThan.ts","statementMap":{"0":{"start":{"line":2,"column":0},"end":{"line":2,"column":null}},"1":{"start":{"line":10,"column":8},"end":{"line":10,"column":13}},"2":{"start":{"line":11,"column":8},"end":{"line":11,"column":13}},"3":{"start":{"line":12,"column":8},"end":{"line":12,"column":13}},"4":{"start":{"line":16,"column":8},"end":{"line":16,"column":15}}},"fnMap":{"0":{"name":"(anonymous_0)","decl":{"start":{"line":9,"column":4},"end":{"line":9,"column":16}},"loc":{"start":{"line":9,"column":43},"end":{"line":13,"column":null}}},"1":{"name":"(anonymous_1)","decl":{"start":{"line":15,"column":11},"end":{"line":15,"column":15}},"loc":{"start":{"line":15,"column":24},"end":{"line":17,"column":null}}},"2":{"name":"(anonymous_2)","decl":{"start":{"line":19,"column":11},"end":{"line":19,"column":17}},"loc":{"start":{"line":19,"column":51},"end":{"line":21,"column":null}}}},"branchMap":{},"s":{"0":2,"1":0,"2":0,"3":0,"4":0},"f":{"0":0,"1":0,"2":0},"b":{}}
,"F:\\DP\\code\\explorer-core\\src\\database\\DAL\\conditions\\comparators\\lessThan.ts": {"path":"F:\\DP\\code\\explorer-core\\src\\database\\DAL\\conditions\\comparators\\lessThan.ts","statementMap":{"0":{"start":{"line":2,"column":0},"end":{"line":2,"column":null}},"1":{"start":{"line":10,"column":8},"end":{"line":10,"column":13}},"2":{"start":{"line":11,"column":8},"end":{"line":11,"column":13}},"3":{"start":{"line":12,"column":8},"end":{"line":12,"column":13}},"4":{"start":{"line":16,"column":8},"end":{"line":16,"column":15}}},"fnMap":{"0":{"name":"(anonymous_0)","decl":{"start":{"line":9,"column":4},"end":{"line":9,"column":16}},"loc":{"start":{"line":9,"column":43},"end":{"line":13,"column":null}}},"1":{"name":"(anonymous_1)","decl":{"start":{"line":15,"column":11},"end":{"line":15,"column":15}},"loc":{"start":{"line":15,"column":24},"end":{"line":17,"column":null}}},"2":{"name":"(anonymous_2)","decl":{"start":{"line":19,"column":11},"end":{"line":19,"column":17}},"loc":{"start":{"line":19,"column":51},"end":{"line":21,"column":null}}}},"branchMap":{},"s":{"0":2,"1":0,"2":0,"3":0,"4":0},"f":{"0":0,"1":0,"2":0},"b":{}}
,"F:\\DP\\code\\explorer-core\\src\\database\\DAL\\indexes\\indexStore.ts": {"path":"F:\\DP\\code\\explorer-core\\src\\database\\DAL\\indexes\\indexStore.ts","statementMap":{"0":{"start":{"line":1,"column":0},"end":{"line":1,"column":null}},"1":{"start":{"line":10,"column":8},"end":{"line":13,"column":null}},"2":{"start":{"line":11,"column":12},"end":{"line":11,"column":19}},"3":{"start":{"line":12,"column":12},"end":{"line":12,"column":18}},"4":{"start":{"line":14,"column":8},"end":{"line":16,"column":20}},"5":{"start":{"line":15,"column":12},"end":{"line":15,"column":19}},"6":{"start":{"line":16,"column":13},"end":{"line":16,"column":20}},"7":{"start":{"line":24,"column":8},"end":{"line":26,"column":null}},"8":{"start":{"line":25,"column":12},"end":{"line":25,"column":17}},"9":{"start":{"line":27,"column":8},"end":{"line":27,"column":13}},"10":{"start":{"line":5,"column":11},"end":{"line":5,"column":null}}},"fnMap":{"0":{"name":"(anonymous_0)","decl":{"start":{"line":9,"column":4},"end":{"line":9,"column":11}},"loc":{"start":{"line":9,"column":51},"end":{"line":17,"column":null}}},"1":{"name":"(anonymous_1)","decl":{"start":{"line":19,"column":4},"end":{"line":19,"column":11}},"loc":{"start":{"line":22,"column":30},"end":{"line":28,"column":null}}}},"branchMap":{"0":{"loc":{"start":{"line":10,"column":8},"end":{"line":13,"column":null}},"type":"if","locations":[{"start":{"line":10,"column":8},"end":{"line":13,"column":null}},{"start":{"line":10,"column":8},"end":{"line":13,"column":null}}]},"1":{"loc":{"start":{"line":14,"column":8},"end":{"line":16,"column":20}},"type":"if","locations":[{"start":{"line":14,"column":8},"end":{"line":16,"column":20}},{"start":{"line":14,"column":8},"end":{"line":16,"column":20}}]},"2":{"loc":{"start":{"line":24,"column":8},"end":{"line":26,"column":null}},"type":"if","locations":[{"start":{"line":24,"column":8},"end":{"line":26,"column":null}},{"start":{"line":24,"column":8},"end":{"line":26,"column":null}}]}},"s":{"0":2,"1":2,"2":0,"3":0,"4":2,"5":2,"6":0,"7":1,"8":1,"9":1,"10":2},"f":{"0":2,"1":1},"b":{"0":[0,2],"1":[2,0],"2":[1,0]}}
,"F:\\DP\\code\\explorer-core\\src\\database\\DAL\\planners\\queryPlanner.ts": {"path":"F:\\DP\\code\\explorer-core\\src\\database\\DAL\\planners\\queryPlanner.ts","statementMap":{"0":{"start":{"line":2,"column":0},"end":{"line":2,"column":null}},"1":{"start":{"line":4,"column":0},"end":{"line":4,"column":5}},"2":{"start":{"line":5,"column":4},"end":{"line":5,"column":null}},"3":{"start":{"line":6,"column":4},"end":{"line":6,"column":null}},"4":{"start":{"line":16,"column":4},"end":{"line":16,"column":40}},"5":{"start":{"line":21,"column":8},"end":{"line":21,"column":13}},"6":{"start":{"line":25,"column":8},"end":{"line":25,"column":13}},"7":{"start":{"line":33,"column":8},"end":{"line":33,"column":13}},"8":{"start":{"line":41,"column":8},"end":{"line":52,"column":null}},"9":{"start":{"line":42,"column":26},"end":{"line":42,"column":37}},"10":{"start":{"line":47,"column":12},"end":{"line":51,"column":null}},"11":{"start":{"line":50,"column":16},"end":{"line":50,"column":20}},"12":{"start":{"line":54,"column":25},"end":{"line":54,"column":30}},"13":{"start":{"line":55,"column":43},"end":{"line":55,"column":null}},"14":{"start":{"line":57,"column":24},"end":{"line":57,"column":29}},"15":{"start":{"line":58,"column":43},"end":{"line":58,"column":null}},"16":{"start":{"line":60,"column":8},"end":{"line":60,"column":15}},"17":{"start":{"line":67,"column":29},"end":{"line":79,"column":null}},"18":{"start":{"line":69,"column":16},"end":{"line":74,"column":null}},"19":{"start":{"line":81,"column":8},"end":{"line":87,"column":null}},"20":{"start":{"line":82,"column":12},"end":{"line":86,"column":null}},"21":{"start":{"line":83,"column":16},"end":{"line":85,"column":null}},"22":{"start":{"line":84,"column":20},"end":{"line":84,"column":30}},"23":{"start":{"line":89,"column":8},"end":{"line":89,"column":15}},"24":{"start":{"line":99,"column":8},"end":{"line":99,"column":15}},"25":{"start":{"line":101,"column":16},"end":{"line":101,"column":54}},"26":{"start":{"line":101,"column":47},"end":{"line":101,"column":54}}},"fnMap":{"0":{"name":"(anonymous_0)","decl":{"start":{"line":4,"column":0},"end":{"line":4,"column":5}},"loc":{"start":{"line":4,"column":19},"end":{"line":7,"column":null}}},"1":{"name":"(anonymous_1)","decl":{"start":{"line":20,"column":4},"end":{"line":20,"column":16}},"loc":{"start":{"line":20,"column":34},"end":{"line":22,"column":null}}},"2":{"name":"(anonymous_2)","decl":{"start":{"line":24,"column":11},"end":{"line":24,"column":26}},"loc":{"start":{"line":24,"column":55},"end":{"line":30,"column":null}}},"3":{"name":"(anonymous_3)","decl":{"start":{"line":32,"column":11},"end":{"line":32,"column":25}},"loc":{"start":{"line":32,"column":54},"end":{"line":38,"column":null}}},"4":{"name":"(anonymous_4)","decl":{"start":{"line":40,"column":11},"end":{"line":40,"column":17}},"loc":{"start":{"line":40,"column":24},"end":{"line":61,"column":null}}},"5":{"name":"(anonymous_5)","decl":{"start":{"line":55,"column":35},"end":{"line":55,"column":39}},"loc":{"start":{"line":55,"column":43},"end":{"line":55,"column":null}}},"6":{"name":"(anonymous_6)","decl":{"start":{"line":58,"column":35},"end":{"line":58,"column":39}},"loc":{"start":{"line":58,"column":43},"end":{"line":58,"column":null}}},"7":{"name":"(anonymous_7)","decl":{"start":{"line":66,"column":12},"end":{"line":66,"column":24}},"loc":{"start":{"line":66,"column":58},"end":{"line":90,"column":null}}},"8":{"name":"(anonymous_8)","decl":{"start":{"line":68,"column":12},"end":{"line":68,"column":13}},"loc":{"start":{"line":69,"column":16},"end":{"line":74,"column":null}}},"9":{"name":"(anonymous_9)","decl":{"start":{"line":92,"column":12},"end":{"line":92,"column":17}},"loc":{"start":{"line":92,"column":51},"end":{"line":104,"column":null}}},"10":{"name":"(anonymous_10)","decl":{"start":{"line":100,"column":13},"end":{"line":100,"column":22}},"loc":{"start":{"line":100,"column":22},"end":{"line":102,"column":null}}}},"branchMap":{"0":{"loc":{"start":{"line":4,"column":5},"end":{"line":4,"column":19}},"type":"binary-expr","locations":[{"start":{"line":4,"column":5},"end":{"line":4,"column":19}},{"start":{"line":4,"column":5},"end":{"line":4,"column":null}}]},"1":{"loc":{"start":{"line":70,"column":22},"end":{"line":70,"column":null}},"type":"cond-expr","locations":[{"start":{"line":70,"column":22},"end":{"line":70,"column":null}},{"start":{"line":74,"column":22},"end":{"line":74,"column":null}}]},"2":{"loc":{"start":{"line":83,"column":16},"end":{"line":85,"column":null}},"type":"if","locations":[{"start":{"line":83,"column":16},"end":{"line":85,"column":null}},{"start":{"line":83,"column":16},"end":{"line":85,"column":null}}]}},"s":{"0":2,"1":2,"2":2,"3":2,"4":1970,"5":1970,"6":1,"7":0,"8":1,"9":1,"10":1,"11":0,"12":0,"13":0,"14":0,"15":0,"16":0,"17":0,"18":0,"19":0,"20":0,"21":0,"22":0,"23":0,"24":0,"25":0,"26":0},"f":{"0":2,"1":1970,"2":1,"3":0,"4":1,"5":0,"6":0,"7":0,"8":0,"9":0,"10":0},"b":{"0":[2,2],"1":[0,0],"2":[0,0]}}
,"F:\\DP\\code\\explorer-core\\src\\database\\DAL\\query\\afterConditionQuery.ts": {"path":"F:\\DP\\code\\explorer-core\\src\\database\\DAL\\query\\afterConditionQuery.ts","statementMap":{"0":{"start":{"line":1,"column":0},"end":{"line":1,"column":null}},"1":{"start":{"line":2,"column":0},"end":{"line":2,"column":null}},"2":{"start":{"line":7,"column":8},"end":{"line":7,"column":null}},"3":{"start":{"line":8,"column":8},"end":{"line":8,"column":13}},"4":{"start":{"line":12,"column":8},"end":{"line":19,"column":null}},"5":{"start":{"line":13,"column":32},"end":{"line":13,"column":36}},"6":{"start":{"line":17,"column":12},"end":{"line":17,"column":17}},"7":{"start":{"line":18,"column":12},"end":{"line":18,"column":19}},"8":{"start":{"line":24,"column":8},"end":{"line":31,"column":null}},"9":{"start":{"line":25,"column":33},"end":{"line":25,"column":37}},"10":{"start":{"line":29,"column":12},"end":{"line":29,"column":17}},"11":{"start":{"line":30,"column":12},"end":{"line":30,"column":19}}},"fnMap":{"0":{"name":"(anonymous_0)","decl":{"start":{"line":6,"column":4},"end":{"line":6,"column":16}},"loc":{"start":{"line":6,"column":42},"end":{"line":9,"column":null}}},"1":{"name":"(anonymous_1)","decl":{"start":{"line":11,"column":11},"end":{"line":11,"column":13}},"loc":{"start":{"line":11,"column":39},"end":{"line":21,"column":null}}},"2":{"name":"(anonymous_2)","decl":{"start":{"line":23,"column":11},"end":{"line":23,"column":14}},"loc":{"start":{"line":23,"column":40},"end":{"line":33,"column":null}}}},"branchMap":{"0":{"loc":{"start":{"line":12,"column":8},"end":{"line":19,"column":null}},"type":"if","locations":[{"start":{"line":12,"column":8},"end":{"line":19,"column":null}},{"start":{"line":12,"column":8},"end":{"line":19,"column":null}}]},"1":{"loc":{"start":{"line":24,"column":8},"end":{"line":31,"column":null}},"type":"if","locations":[{"start":{"line":24,"column":8},"end":{"line":31,"column":null}},{"start":{"line":24,"column":8},"end":{"line":31,"column":null}}]}},"s":{"0":2,"1":2,"2":1,"3":1,"4":0,"5":0,"6":0,"7":0,"8":0,"9":0,"10":0,"11":0},"f":{"0":1,"1":0,"2":0},"b":{"0":[0,0],"1":[0,0]}}
,"F:\\DP\\code\\explorer-core\\src\\database\\DAL\\query\\baseQuery.ts": {"path":"F:\\DP\\code\\explorer-core\\src\\database\\DAL\\query\\baseQuery.ts","statementMap":{"0":{"start":{"line":2,"column":0},"end":{"line":2,"column":null}},"1":{"start":{"line":11,"column":8},"end":{"line":11,"column":15}}},"fnMap":{"0":{"name":"(anonymous_0)","decl":{"start":{"line":10,"column":11},"end":{"line":10,"column":17}},"loc":{"start":{"line":10,"column":20},"end":{"line":12,"column":null}}}},"branchMap":{},"s":{"0":2,"1":1},"f":{"0":1},"b":{}}
,"F:\\DP\\code\\explorer-core\\src\\database\\DAL\\query\\startQuery.ts": {"path":"F:\\DP\\code\\explorer-core\\src\\database\\DAL\\query\\startQuery.ts","statementMap":{"0":{"start":{"line":1,"column":0},"end":{"line":1,"column":null}},"1":{"start":{"line":2,"column":0},"end":{"line":2,"column":null}},"2":{"start":{"line":3,"column":0},"end":{"line":3,"column":null}},"3":{"start":{"line":9,"column":8},"end":{"line":9,"column":null}},"4":{"start":{"line":10,"column":8},"end":{"line":10,"column":13}},"5":{"start":{"line":11,"column":8},"end":{"line":11,"column":13}},"6":{"start":{"line":15,"column":8},"end":{"line":22,"column":null}},"7":{"start":{"line":16,"column":35},"end":{"line":16,"column":39}},"8":{"start":{"line":20,"column":12},"end":{"line":20,"column":17}},"9":{"start":{"line":21,"column":12},"end":{"line":21,"column":19}}},"fnMap":{"0":{"name":"(anonymous_0)","decl":{"start":{"line":8,"column":4},"end":{"line":8,"column":16}},"loc":{"start":{"line":8,"column":34},"end":{"line":12,"column":null}}},"1":{"name":"(anonymous_1)","decl":{"start":{"line":14,"column":11},"end":{"line":14,"column":16}},"loc":{"start":{"line":14,"column":42},"end":{"line":24,"column":null}}}},"branchMap":{"0":{"loc":{"start":{"line":15,"column":8},"end":{"line":22,"column":null}},"type":"if","locations":[{"start":{"line":15,"column":8},"end":{"line":22,"column":null}},{"start":{"line":15,"column":8},"end":{"line":22,"column":null}}]}},"s":{"0":2,"1":2,"2":2,"3":1970,"4":1970,"5":1970,"6":1,"7":1,"8":1,"9":1},"f":{"0":1970,"1":1},"b":{"0":[1,0]}}
,"F:\\DP\\code\\explorer-core\\src\\database\\DAL\\resolvers\\allResolver.ts": {"path":"F:\\DP\\code\\explorer-core\\src\\database\\DAL\\resolvers\\allResolver.ts","statementMap":{"0":{"start":{"line":1,"column":0},"end":{"line":1,"column":null}},"1":{"start":{"line":3,"column":0},"end":{"line":3,"column":null}},"2":{"start":{"line":7,"column":8},"end":{"line":7,"column":14}},"3":{"start":{"line":11,"column":24},"end":{"line":11,"column":35}},"4":{"start":{"line":12,"column":8},"end":{"line":12,"column":14}},"5":{"start":{"line":13,"column":8},"end":{"line":13,"column":15}}},"fnMap":{"0":{"name":"(anonymous_0)","decl":{"start":{"line":6,"column":4},"end":{"line":6,"column":16}},"loc":{"start":{"line":6,"column":42},"end":{"line":8,"column":null}}},"1":{"name":"(anonymous_1)","decl":{"start":{"line":10,"column":11},"end":{"line":10,"column":17}},"loc":{"start":{"line":10,"column":24},"end":{"line":14,"column":null}}}},"branchMap":{},"s":{"0":2,"1":2,"2":1,"3":1,"4":0,"5":0},"f":{"0":1,"1":1},"b":{}}
,"F:\\DP\\code\\explorer-core\\src\\database\\DAL\\resolvers\\resolverBase.ts": {"path":"F:\\DP\\code\\explorer-core\\src\\database\\DAL\\resolvers\\resolverBase.ts","statementMap":{"0":{"start":{"line":6,"column":8},"end":{"line":6,"column":13}}},"fnMap":{"0":{"name":"(anonymous_0)","decl":{"start":{"line":5,"column":4},"end":{"line":5,"column":16}},"loc":{"start":{"line":5,"column":42},"end":{"line":7,"column":null}}}},"branchMap":{},"s":{"0":1},"f":{"0":1},"b":{}}
,"F:\\DP\\code\\explorer-core\\src\\database\\index\\BTree\\btree.ts": {"path":"F:\\DP\\code\\explorer-core\\src\\database\\index\\BTree\\btree.ts","statementMap":{"0":{"start":{"line":2,"column":0},"end":{"line":2,"column":null}},"1":{"start":{"line":3,"column":0},"end":{"line":3,"column":null}},"2":{"start":{"line":5,"column":51},"end":{"line":5,"column":null}},"3":{"start":{"line":5,"column":71},"end":{"line":5,"column":null}},"4":{"start":{"line":16,"column":8},"end":{"line":16,"column":13}},"5":{"start":{"line":17,"column":8},"end":{"line":17,"column":13}},"6":{"start":{"line":18,"column":8},"end":{"line":18,"column":13}},"7":{"start":{"line":22,"column":8},"end":{"line":22,"column":38}},"8":{"start":{"line":22,"column":32},"end":{"line":22,"column":38}},"9":{"start":{"line":23,"column":8},"end":{"line":23,"column":15}},"10":{"start":{"line":28,"column":8},"end":{"line":28,"column":15}},"11":{"start":{"line":34,"column":8},"end":{"line":34,"column":15}},"12":{"start":{"line":40,"column":8},"end":{"line":40,"column":15}},"13":{"start":{"line":46,"column":8},"end":{"line":46,"column":15}},"14":{"start":{"line":53,"column":20},"end":{"line":53,"column":30}},"15":{"start":{"line":55,"column":18},"end":{"line":55,"column":null}},"16":{"start":{"line":57,"column":8},"end":{"line":97,"column":null}},"17":{"start":{"line":59,"column":12},"end":{"line":59,"column":17}},"18":{"start":{"line":60,"column":12},"end":{"line":60,"column":17}},"19":{"start":{"line":61,"column":12},"end":{"line":61,"column":17}},"20":{"start":{"line":62,"column":12},"end":{"line":62,"column":17}},"21":{"start":{"line":65,"column":25},"end":{"line":65,"column":null}},"22":{"start":{"line":66,"column":31},"end":{"line":66,"column":null}},"23":{"start":{"line":68,"column":12},"end":{"line":96,"column":null}},"24":{"start":{"line":70,"column":26},"end":{"line":70,"column":30}},"25":{"start":{"line":72,"column":16},"end":{"line":72,"column":22}},"26":{"start":{"line":75,"column":16},"end":{"line":75,"column":22}},"27":{"start":{"line":79,"column":24},"end":{"line":79,"column":null}},"28":{"start":{"line":80,"column":16},"end":{"line":80,"column":null}},"29":{"start":{"line":80,"column":50},"end":{"line":80,"column":null}},"30":{"start":{"line":81,"column":16},"end":{"line":81,"column":22}},"31":{"start":{"line":92,"column":16},"end":{"line":92,"column":21}},"32":{"start":{"line":95,"column":16},"end":{"line":95,"column":21}},"33":{"start":{"line":98,"column":8},"end":{"line":98,"column":15}},"34":{"start":{"line":103,"column":8},"end":{"line":105,"column":null}},"35":{"start":{"line":104,"column":12},"end":{"line":104,"column":18}},"36":{"start":{"line":108,"column":8},"end":{"line":108,"column":14}},"37":{"start":{"line":112,"column":8},"end":{"line":116,"column":null}},"38":{"start":{"line":113,"column":24},"end":{"line":113,"column":null}},"39":{"start":{"line":114,"column":12},"end":{"line":115,"column":22}},"40":{"start":{"line":114,"column":32},"end":{"line":114,"column":37}},"41":{"start":{"line":115,"column":17},"end":{"line":115,"column":22}},"42":{"start":{"line":118,"column":8},"end":{"line":118,"column":15}},"43":{"start":{"line":122,"column":8},"end":{"line":122,"column":39}},"44":{"start":{"line":122,"column":32},"end":{"line":122,"column":39}},"45":{"start":{"line":123,"column":8},"end":{"line":123,"column":15}},"46":{"start":{"line":127,"column":33},"end":{"line":127,"column":null}},"47":{"start":{"line":128,"column":8},"end":{"line":128,"column":14}},"48":{"start":{"line":128,"column":42},"end":{"line":128,"column":46}},"49":{"start":{"line":129,"column":8},"end":{"line":129,"column":15}},"50":{"start":{"line":133,"column":37},"end":{"line":133,"column":null}},"51":{"start":{"line":134,"column":8},"end":{"line":134,"column":14}},"52":{"start":{"line":134,"column":56},"end":{"line":134,"column":62}},"53":{"start":{"line":135,"column":8},"end":{"line":135,"column":15}},"54":{"start":{"line":139,"column":24},"end":{"line":139,"column":35}},"55":{"start":{"line":140,"column":37},"end":{"line":140,"column":null}},"56":{"start":{"line":141,"column":8},"end":{"line":141,"column":14}},"57":{"start":{"line":143,"column":40},"end":{"line":143,"column":46}},"58":{"start":{"line":146,"column":8},"end":{"line":146,"column":15}},"59":{"start":{"line":150,"column":24},"end":{"line":150,"column":35}},"60":{"start":{"line":151,"column":37},"end":{"line":151,"column":null}},"61":{"start":{"line":152,"column":8},"end":{"line":152,"column":14}},"62":{"start":{"line":154,"column":40},"end":{"line":154,"column":46}},"63":{"start":{"line":157,"column":8},"end":{"line":157,"column":15}},"64":{"start":{"line":161,"column":24},"end":{"line":161,"column":35}},"65":{"start":{"line":162,"column":37},"end":{"line":162,"column":null}},"66":{"start":{"line":163,"column":8},"end":{"line":163,"column":14}},"67":{"start":{"line":166,"column":40},"end":{"line":166,"column":46}},"68":{"start":{"line":169,"column":8},"end":{"line":169,"column":15}},"69":{"start":{"line":173,"column":21},"end":{"line":173,"column":32}},"70":{"start":{"line":174,"column":8},"end":{"line":174,"column":15}},"71":{"start":{"line":178,"column":8},"end":{"line":178,"column":15}}},"fnMap":{"0":{"name":"(anonymous_0)","decl":{"start":{"line":5,"column":51},"end":{"line":5,"column":52}},"loc":{"start":{"line":5,"column":71},"end":{"line":5,"column":null}}},"1":{"name":"(anonymous_1)","decl":{"start":{"line":12,"column":4},"end":{"line":12,"column":null}},"loc":{"start":{"line":14,"column":56},"end":{"line":19,"column":null}}},"2":{"name":"(anonymous_2)","decl":{"start":{"line":21,"column":4},"end":{"line":21,"column":10}},"loc":{"start":{"line":21,"column":47},"end":{"line":24,"column":null}}},"3":{"name":"(anonymous_3)","decl":{"start":{"line":27,"column":4},"end":{"line":27,"column":10}},"loc":{"start":{"line":27,"column":23},"end":{"line":31,"column":null}}},"4":{"name":"(anonymous_4)","decl":{"start":{"line":33,"column":4},"end":{"line":33,"column":10}},"loc":{"start":{"line":33,"column":40},"end":{"line":37,"column":null}}},"5":{"name":"(anonymous_5)","decl":{"start":{"line":39,"column":4},"end":{"line":39,"column":10}},"loc":{"start":{"line":39,"column":33},"end":{"line":43,"column":null}}},"6":{"name":"(anonymous_6)","decl":{"start":{"line":45,"column":4},"end":{"line":45,"column":10}},"loc":{"start":{"line":45,"column":29},"end":{"line":49,"column":null}}},"7":{"name":"(anonymous_7)","decl":{"start":{"line":52,"column":4},"end":{"line":52,"column":10}},"loc":{"start":{"line":52,"column":37},"end":{"line":99,"column":null}}},"8":{"name":"(anonymous_8)","decl":{"start":{"line":102,"column":4},"end":{"line":102,"column":10}},"loc":{"start":{"line":102,"column":23},"end":{"line":119,"column":null}}},"9":{"name":"(anonymous_9)","decl":{"start":{"line":121,"column":4},"end":{"line":121,"column":10}},"loc":{"start":{"line":121,"column":16},"end":{"line":124,"column":null}}},"10":{"name":"(anonymous_10)","decl":{"start":{"line":126,"column":4},"end":{"line":126,"column":10}},"loc":{"start":{"line":126,"column":14},"end":{"line":130,"column":null}}},"11":{"name":"(anonymous_11)","decl":{"start":{"line":128,"column":29},"end":{"line":128,"column":42}},"loc":{"start":{"line":128,"column":42},"end":{"line":128,"column":46}}},"12":{"name":"(anonymous_12)","decl":{"start":{"line":132,"column":4},"end":{"line":132,"column":10}},"loc":{"start":{"line":132,"column":17},"end":{"line":136,"column":null}}},"13":{"name":"(anonymous_13)","decl":{"start":{"line":134,"column":28},"end":{"line":134,"column":29}},"loc":{"start":{"line":134,"column":56},"end":{"line":134,"column":62}}},"14":{"name":"(anonymous_14)","decl":{"start":{"line":138,"column":4},"end":{"line":138,"column":10}},"loc":{"start":{"line":138,"column":30},"end":{"line":147,"column":null}}},"15":{"name":"(anonymous_15)","decl":{"start":{"line":143,"column":12},"end":{"line":143,"column":13}},"loc":{"start":{"line":143,"column":40},"end":{"line":143,"column":46}}},"16":{"name":"(anonymous_16)","decl":{"start":{"line":149,"column":4},"end":{"line":149,"column":10}},"loc":{"start":{"line":149,"column":26},"end":{"line":158,"column":null}}},"17":{"name":"(anonymous_17)","decl":{"start":{"line":154,"column":12},"end":{"line":154,"column":13}},"loc":{"start":{"line":154,"column":40},"end":{"line":154,"column":46}}},"18":{"name":"(anonymous_18)","decl":{"start":{"line":160,"column":4},"end":{"line":160,"column":10}},"loc":{"start":{"line":160,"column":37},"end":{"line":170,"column":null}}},"19":{"name":"(anonymous_19)","decl":{"start":{"line":166,"column":12},"end":{"line":166,"column":13}},"loc":{"start":{"line":166,"column":40},"end":{"line":166,"column":46}}},"20":{"name":"(anonymous_20)","decl":{"start":{"line":172,"column":4},"end":{"line":172,"column":10}},"loc":{"start":{"line":172,"column":22},"end":{"line":175,"column":null}}},"21":{"name":"(anonymous_21)","decl":{"start":{"line":177,"column":4},"end":{"line":177,"column":13}},"loc":{"start":{"line":177,"column":13},"end":{"line":183,"column":null}}}},"branchMap":{"0":{"loc":{"start":{"line":13,"column":20},"end":{"line":13,"column":null}},"type":"default-arg","locations":[{"start":{"line":13,"column":20},"end":{"line":13,"column":null}}]},"1":{"loc":{"start":{"line":14,"column":38},"end":{"line":14,"column":56}},"type":"default-arg","locations":[{"start":{"line":14,"column":38},"end":{"line":14,"column":56}}]},"2":{"loc":{"start":{"line":22,"column":8},"end":{"line":22,"column":38}},"type":"if","locations":[{"start":{"line":22,"column":8},"end":{"line":22,"column":38}},{"start":{"line":22,"column":8},"end":{"line":22,"column":38}}]},"3":{"loc":{"start":{"line":29,"column":14},"end":{"line":29,"column":null}},"type":"cond-expr","locations":[{"start":{"line":29,"column":14},"end":{"line":29,"column":null}},{"start":{"line":30,"column":14},"end":{"line":30,"column":25}}]},"4":{"loc":{"start":{"line":35,"column":14},"end":{"line":35,"column":null}},"type":"cond-expr","locations":[{"start":{"line":35,"column":14},"end":{"line":35,"column":null}},{"start":{"line":36,"column":14},"end":{"line":36,"column":25}}]},"5":{"loc":{"start":{"line":41,"column":14},"end":{"line":41,"column":null}},"type":"cond-expr","locations":[{"start":{"line":41,"column":14},"end":{"line":41,"column":null}},{"start":{"line":42,"column":14},"end":{"line":42,"column":25}}]},"6":{"loc":{"start":{"line":47,"column":14},"end":{"line":47,"column":null}},"type":"cond-expr","locations":[{"start":{"line":47,"column":14},"end":{"line":47,"column":null}},{"start":{"line":48,"column":14},"end":{"line":48,"column":25}}]},"7":{"loc":{"start":{"line":57,"column":8},"end":{"line":97,"column":null}},"type":"if","locations":[{"start":{"line":57,"column":8},"end":{"line":97,"column":null}},{"start":{"line":57,"column":8},"end":{"line":97,"column":null}}]},"8":{"loc":{"start":{"line":68,"column":12},"end":{"line":96,"column":null}},"type":"if","locations":[{"start":{"line":68,"column":12},"end":{"line":96,"column":null}},{"start":{"line":68,"column":12},"end":{"line":96,"column":null}}]},"9":{"loc":{"start":{"line":80,"column":16},"end":{"line":80,"column":null}},"type":"if","locations":[{"start":{"line":80,"column":16},"end":{"line":80,"column":null}},{"start":{"line":80,"column":16},"end":{"line":80,"column":null}}]},"10":{"loc":{"start":{"line":103,"column":8},"end":{"line":105,"column":null}},"type":"if","locations":[{"start":{"line":103,"column":8},"end":{"line":105,"column":null}},{"start":{"line":103,"column":8},"end":{"line":105,"column":null}}]},"11":{"loc":{"start":{"line":112,"column":8},"end":{"line":116,"column":null}},"type":"if","locations":[{"start":{"line":112,"column":8},"end":{"line":116,"column":null}},{"start":{"line":112,"column":8},"end":{"line":116,"column":null}}]},"12":{"loc":{"start":{"line":114,"column":12},"end":{"line":115,"column":22}},"type":"if","locations":[{"start":{"line":114,"column":12},"end":{"line":115,"column":22}},{"start":{"line":114,"column":12},"end":{"line":115,"column":22}}]},"13":{"loc":{"start":{"line":122,"column":8},"end":{"line":122,"column":39}},"type":"if","locations":[{"start":{"line":122,"column":8},"end":{"line":122,"column":39}},{"start":{"line":122,"column":8},"end":{"line":122,"column":39}}]}},"s":{"0":3,"1":3,"2":3,"3":7132,"4":9,"5":9,"6":9,"7":1,"8":1,"9":1,"10":0,"11":7,"12":1,"13":1,"14":2374,"15":2373,"16":2373,"17":9,"18":9,"19":9,"20":9,"21":2364,"22":2364,"23":2364,"24":13,"25":13,"26":13,"27":13,"28":13,"29":13,"30":13,"31":13,"32":2351,"33":2372,"34":0,"35":0,"36":0,"37":0,"38":0,"39":0,"40":0,"41":0,"42":0,"43":0,"44":0,"45":0,"46":1,"47":1,"48":1,"49":1,"50":0,"51":0,"52":0,"53":0,"54":1,"55":1,"56":1,"57":3,"58":1,"59":1,"60":1,"61":1,"62":3,"63":1,"64":6,"65":6,"66":6,"67":11,"68":6,"69":0,"70":0,"71":0},"f":{"0":7132,"1":9,"2":1,"3":0,"4":7,"5":1,"6":1,"7":2374,"8":0,"9":0,"10":1,"11":1,"12":0,"13":0,"14":1,"15":3,"16":1,"17":3,"18":6,"19":11,"20":0,"21":0},"b":{"0":[3],"1":[9],"2":[1,0],"3":[0,0],"4":[0,7],"5":[0,1],"6":[0,1],"7":[9,2364],"8":[13,2351],"9":[13,0],"10":[0,0],"11":[0,0],"12":[0,0],"13":[0,0]}}
,"F:\\DP\\code\\explorer-core\\src\\database\\index\\BTree\\btree_node.ts": {"path":"F:\\DP\\code\\explorer-core\\src\\database\\index\\BTree\\btree_node.ts","statementMap":{"0":{"start":{"line":2,"column":0},"end":{"line":2,"column":null}},"1":{"start":{"line":4,"column":0},"end":{"line":4,"column":null}},"2":{"start":{"line":16,"column":8},"end":{"line":16,"column":13}},"3":{"start":{"line":20,"column":8},"end":{"line":24,"column":null}},"4":{"start":{"line":21,"column":12},"end":{"line":21,"column":17}},"5":{"start":{"line":22,"column":12},"end":{"line":22,"column":17}},"6":{"start":{"line":23,"column":12},"end":{"line":23,"column":17}},"7":{"start":{"line":25,"column":8},"end":{"line":25,"column":13}},"8":{"start":{"line":30,"column":23},"end":{"line":30,"column":33}},"9":{"start":{"line":31,"column":19},"end":{"line":31,"column":23}},"10":{"start":{"line":32,"column":8},"end":{"line":32,"column":12}},"11":{"start":{"line":33,"column":8},"end":{"line":33,"column":12}},"12":{"start":{"line":34,"column":8},"end":{"line":34,"column":12}},"13":{"start":{"line":35,"column":8},"end":{"line":35,"column":12}},"14":{"start":{"line":36,"column":8},"end":{"line":36,"column":12}},"15":{"start":{"line":37,"column":8},"end":{"line":37,"column":15}},"16":{"start":{"line":43,"column":8},"end":{"line":43,"column":13}},"17":{"start":{"line":50,"column":21},"end":{"line":50,"column":null}},"18":{"start":{"line":51,"column":21},"end":{"line":51,"column":null}},"19":{"start":{"line":53,"column":8},"end":{"line":58,"column":null}},"20":{"start":{"line":56,"column":12},"end":{"line":56,"column":34}},"21":{"start":{"line":56,"column":28},"end":{"line":56,"column":34}},"22":{"start":{"line":57,"column":12},"end":{"line":57,"column":19}},"23":{"start":{"line":61,"column":8},"end":{"line":61,"column":30}},"24":{"start":{"line":61,"column":24},"end":{"line":61,"column":30}},"25":{"start":{"line":71,"column":21},"end":{"line":71,"column":null}},"26":{"start":{"line":72,"column":21},"end":{"line":72,"column":null}},"27":{"start":{"line":75,"column":8},"end":{"line":85,"column":null}},"28":{"start":{"line":78,"column":12},"end":{"line":79,"column":22}},"29":{"start":{"line":79,"column":16},"end":{"line":79,"column":22}},"30":{"start":{"line":84,"column":12},"end":{"line":84,"column":19}},"31":{"start":{"line":88,"column":8},"end":{"line":89,"column":18}},"32":{"start":{"line":89,"column":12},"end":{"line":89,"column":18}},"33":{"start":{"line":103,"column":21},"end":{"line":103,"column":null}},"34":{"start":{"line":104,"column":21},"end":{"line":104,"column":null}},"35":{"start":{"line":106,"column":16},"end":{"line":106,"column":null}},"36":{"start":{"line":107,"column":8},"end":{"line":107,"column":null}},"37":{"start":{"line":107,"column":60},"end":{"line":107,"column":null}},"38":{"start":{"line":109,"column":8},"end":{"line":119,"column":null}},"39":{"start":{"line":112,"column":12},"end":{"line":113,"column":22}},"40":{"start":{"line":113,"column":16},"end":{"line":113,"column":22}},"41":{"start":{"line":118,"column":12},"end":{"line":118,"column":19}},"42":{"start":{"line":122,"column":8},"end":{"line":123,"column":18}},"43":{"start":{"line":123,"column":12},"end":{"line":123,"column":18}},"44":{"start":{"line":138,"column":21},"end":{"line":138,"column":null}},"45":{"start":{"line":139,"column":21},"end":{"line":139,"column":null}},"46":{"start":{"line":141,"column":16},"end":{"line":141,"column":null}},"47":{"start":{"line":142,"column":8},"end":{"line":142,"column":null}},"48":{"start":{"line":142,"column":59},"end":{"line":142,"column":null}},"49":{"start":{"line":144,"column":8},"end":{"line":155,"column":null}},"50":{"start":{"line":147,"column":12},"end":{"line":148,"column":22}},"51":{"start":{"line":148,"column":16},"end":{"line":148,"column":22}},"52":{"start":{"line":154,"column":12},"end":{"line":154,"column":19}},"53":{"start":{"line":158,"column":8},"end":{"line":159,"column":18}},"54":{"start":{"line":159,"column":12},"end":{"line":159,"column":18}},"55":{"start":{"line":171,"column":8},"end":{"line":171,"column":30}},"56":{"start":{"line":171,"column":23},"end":{"line":171,"column":30}},"57":{"start":{"line":174,"column":16},"end":{"line":174,"column":null}},"58":{"start":{"line":175,"column":21},"end":{"line":175,"column":null}},"59":{"start":{"line":177,"column":8},"end":{"line":177,"column":null}},"60":{"start":{"line":177,"column":54},"end":{"line":177,"column":null}},"61":{"start":{"line":178,"column":8},"end":{"line":178,"column":null}},"62":{"start":{"line":181,"column":8},"end":{"line":189,"column":null}},"63":{"start":{"line":182,"column":12},"end":{"line":182,"column":19}},"64":{"start":{"line":188,"column":12},"end":{"line":188,"column":19}},"65":{"start":{"line":196,"column":8},"end":{"line":196,"column":30}},"66":{"start":{"line":196,"column":23},"end":{"line":196,"column":30}},"67":{"start":{"line":199,"column":16},"end":{"line":199,"column":null}},"68":{"start":{"line":200,"column":21},"end":{"line":200,"column":null}},"69":{"start":{"line":201,"column":8},"end":{"line":201,"column":null}},"70":{"start":{"line":201,"column":59},"end":{"line":201,"column":null}},"71":{"start":{"line":204,"column":8},"end":{"line":209,"column":null}},"72":{"start":{"line":205,"column":12},"end":{"line":205,"column":19}},"73":{"start":{"line":208,"column":12},"end":{"line":208,"column":19}},"74":{"start":{"line":218,"column":8},"end":{"line":218,"column":30}},"75":{"start":{"line":218,"column":23},"end":{"line":218,"column":30}},"76":{"start":{"line":221,"column":16},"end":{"line":221,"column":null}},"77":{"start":{"line":222,"column":16},"end":{"line":222,"column":null}},"78":{"start":{"line":223,"column":21},"end":{"line":223,"column":null}},"79":{"start":{"line":224,"column":8},"end":{"line":224,"column":null}},"80":{"start":{"line":224,"column":59},"end":{"line":224,"column":null}},"81":{"start":{"line":225,"column":8},"end":{"line":225,"column":null}},"82":{"start":{"line":225,"column":54},"end":{"line":225,"column":null}},"83":{"start":{"line":228,"column":8},"end":{"line":237,"column":null}},"84":{"start":{"line":229,"column":12},"end":{"line":229,"column":19}},"85":{"start":{"line":236,"column":12},"end":{"line":236,"column":19}},"86":{"start":{"line":246,"column":16},"end":{"line":246,"column":null}},"87":{"start":{"line":247,"column":21},"end":{"line":247,"column":null}},"88":{"start":{"line":248,"column":8},"end":{"line":248,"column":null}},"89":{"start":{"line":248,"column":59},"end":{"line":248,"column":null}},"90":{"start":{"line":251,"column":8},"end":{"line":251,"column":51}},"91":{"start":{"line":251,"column":44},"end":{"line":251,"column":51}},"92":{"start":{"line":254,"column":8},"end":{"line":254,"column":30}},"93":{"start":{"line":254,"column":23},"end":{"line":254,"column":30}},"94":{"start":{"line":257,"column":8},"end":{"line":257,"column":15}},"95":{"start":{"line":263,"column":18},"end":{"line":263,"column":null}},"96":{"start":{"line":264,"column":8},"end":{"line":264,"column":null}},"97":{"start":{"line":264,"column":68},"end":{"line":264,"column":null}},"98":{"start":{"line":265,"column":8},"end":{"line":265,"column":15}},"99":{"start":{"line":278,"column":16},"end":{"line":278,"column":null}},"100":{"start":{"line":279,"column":21},"end":{"line":279,"column":null}},"101":{"start":{"line":280,"column":21},"end":{"line":280,"column":null}},"102":{"start":{"line":283,"column":8},"end":{"line":320,"column":null}},"103":{"start":{"line":287,"column":12},"end":{"line":291,"column":null}},"104":{"start":{"line":288,"column":16},"end":{"line":288,"column":20}},"105":{"start":{"line":289,"column":16},"end":{"line":289,"column":20}},"106":{"start":{"line":290,"column":16},"end":{"line":290,"column":null}},"107":{"start":{"line":294,"column":12},"end":{"line":294,"column":16}},"108":{"start":{"line":295,"column":12},"end":{"line":295,"column":16}},"109":{"start":{"line":296,"column":12},"end":{"line":296,"column":17}},"110":{"start":{"line":300,"column":12},"end":{"line":300,"column":null}},"111":{"start":{"line":300,"column":57},"end":{"line":300,"column":null}},"112":{"start":{"line":303,"column":12},"end":{"line":310,"column":null}},"113":{"start":{"line":305,"column":16},"end":{"line":305,"column":22}},"114":{"start":{"line":309,"column":16},"end":{"line":309,"column":null}},"115":{"start":{"line":309,"column":52},"end":{"line":309,"column":null}},"116":{"start":{"line":311,"column":12},"end":{"line":311,"column":18}},"117":{"start":{"line":321,"column":8},"end":{"line":321,"column":15}},"118":{"start":{"line":327,"column":18},"end":{"line":327,"column":null}},"119":{"start":{"line":328,"column":21},"end":{"line":328,"column":null}},"120":{"start":{"line":329,"column":21},"end":{"line":329,"column":null}},"121":{"start":{"line":332,"column":18},"end":{"line":332,"column":22}},"122":{"start":{"line":333,"column":8},"end":{"line":333,"column":9}},"123":{"start":{"line":336,"column":8},"end":{"line":339,"column":null}},"124":{"start":{"line":336,"column":21},"end":{"line":336,"column":24}},"125":{"start":{"line":337,"column":12},"end":{"line":337,"column":13}},"126":{"start":{"line":338,"column":12},"end":{"line":338,"column":13}},"127":{"start":{"line":342,"column":8},"end":{"line":347,"column":null}},"128":{"start":{"line":343,"column":12},"end":{"line":346,"column":null}},"129":{"start":{"line":343,"column":25},"end":{"line":343,"column":28}},"130":{"start":{"line":344,"column":16},"end":{"line":344,"column":22}},"131":{"start":{"line":345,"column":16},"end":{"line":345,"column":22}},"132":{"start":{"line":350,"column":8},"end":{"line":350,"column":9}},"133":{"start":{"line":351,"column":8},"end":{"line":351,"column":9}},"134":{"start":{"line":352,"column":8},"end":{"line":352,"column":9}},"135":{"start":{"line":353,"column":8},"end":{"line":353,"column":14}},"136":{"start":{"line":357,"column":8},"end":{"line":358,"column":18}},"137":{"start":{"line":357,"column":21},"end":{"line":357,"column":24}},"138":{"start":{"line":358,"column":12},"end":{"line":358,"column":18}},"139":{"start":{"line":361,"column":8},"end":{"line":361,"column":14}},"140":{"start":{"line":365,"column":8},"end":{"line":368,"column":null}},"141":{"start":{"line":365,"column":21},"end":{"line":365,"column":28}},"142":{"start":{"line":366,"column":12},"end":{"line":366,"column":16}},"143":{"start":{"line":367,"column":12},"end":{"line":367,"column":16}},"144":{"start":{"line":371,"column":8},"end":{"line":371,"column":12}},"145":{"start":{"line":372,"column":8},"end":{"line":372,"column":12}},"146":{"start":{"line":375,"column":8},"end":{"line":375,"column":13}},"147":{"start":{"line":380,"column":18},"end":{"line":380,"column":23}},"148":{"start":{"line":381,"column":18},"end":{"line":381,"column":null}},"149":{"start":{"line":382,"column":21},"end":{"line":382,"column":null}},"150":{"start":{"line":385,"column":8},"end":{"line":410,"column":null}},"151":{"start":{"line":388,"column":12},"end":{"line":389,"column":23}},"152":{"start":{"line":388,"column":27},"end":{"line":388,"column":32}},"153":{"start":{"line":389,"column":17},"end":{"line":389,"column":23}},"154":{"start":{"line":392,"column":12},"end":{"line":393,"column":22}},"155":{"start":{"line":393,"column":16},"end":{"line":393,"column":22}},"156":{"start":{"line":398,"column":25},"end":{"line":398,"column":null}},"157":{"start":{"line":402,"column":12},"end":{"line":402,"column":56}},"158":{"start":{"line":402,"column":50},"end":{"line":402,"column":56}},"159":{"start":{"line":407,"column":12},"end":{"line":409,"column":23}},"160":{"start":{"line":408,"column":16},"end":{"line":408,"column":22}},"161":{"start":{"line":409,"column":17},"end":{"line":409,"column":23}},"162":{"start":{"line":416,"column":21},"end":{"line":416,"column":null}},"163":{"start":{"line":417,"column":21},"end":{"line":417,"column":null}},"164":{"start":{"line":418,"column":8},"end":{"line":421,"column":null}},"165":{"start":{"line":418,"column":21},"end":{"line":418,"column":30}},"166":{"start":{"line":419,"column":12},"end":{"line":419,"column":16}},"167":{"start":{"line":420,"column":12},"end":{"line":420,"column":16}},"168":{"start":{"line":423,"column":8},"end":{"line":423,"column":13}},"169":{"start":{"line":432,"column":21},"end":{"line":432,"column":null}},"170":{"start":{"line":433,"column":21},"end":{"line":433,"column":null}},"171":{"start":{"line":435,"column":21},"end":{"line":435,"column":26}},"172":{"start":{"line":441,"column":8},"end":{"line":469,"column":null}},"173":{"start":{"line":442,"column":22},"end":{"line":442,"column":33}},"174":{"start":{"line":443,"column":12},"end":{"line":443,"column":33}},"175":{"start":{"line":443,"column":30},"end":{"line":443,"column":33}},"176":{"start":{"line":444,"column":28},"end":{"line":444,"column":31}},"177":{"start":{"line":445,"column":12},"end":{"line":445,"column":16}},"178":{"start":{"line":446,"column":12},"end":{"line":446,"column":16}},"179":{"start":{"line":447,"column":12},"end":{"line":447,"column":18}},"180":{"start":{"line":448,"column":15},"end":{"line":469,"column":null}},"181":{"start":{"line":454,"column":22},"end":{"line":454,"column":33}},"182":{"start":{"line":455,"column":12},"end":{"line":455,"column":33}},"183":{"start":{"line":455,"column":30},"end":{"line":455,"column":33}},"184":{"start":{"line":457,"column":28},"end":{"line":457,"column":31}},"185":{"start":{"line":458,"column":29},"end":{"line":458,"column":32}},"186":{"start":{"line":459,"column":12},"end":{"line":459,"column":16}},"187":{"start":{"line":460,"column":12},"end":{"line":460,"column":16}},"188":{"start":{"line":461,"column":12},"end":{"line":461,"column":18}},"189":{"start":{"line":467,"column":12},"end":{"line":467,"column":18}},"190":{"start":{"line":468,"column":12},"end":{"line":468,"column":18}},"191":{"start":{"line":476,"column":19},"end":{"line":476,"column":30}},"192":{"start":{"line":477,"column":8},"end":{"line":477,"column":29}},"193":{"start":{"line":477,"column":26},"end":{"line":477,"column":29}},"194":{"start":{"line":479,"column":8},"end":{"line":479,"column":15}},"195":{"start":{"line":484,"column":18},"end":{"line":484,"column":29}},"196":{"start":{"line":485,"column":8},"end":{"line":485,"column":29}},"197":{"start":{"line":485,"column":26},"end":{"line":485,"column":29}},"198":{"start":{"line":487,"column":8},"end":{"line":487,"column":15}},"199":{"start":{"line":492,"column":18},"end":{"line":492,"column":null}},"200":{"start":{"line":495,"column":8},"end":{"line":507,"column":null}},"201":{"start":{"line":496,"column":12},"end":{"line":496,"column":18}},"202":{"start":{"line":499,"column":13},"end":{"line":507,"column":null}},"203":{"start":{"line":500,"column":12},"end":{"line":500,"column":18}},"204":{"start":{"line":505,"column":12},"end":{"line":506,"column":23}},"205":{"start":{"line":505,"column":27},"end":{"line":505,"column":33}},"206":{"start":{"line":506,"column":17},"end":{"line":506,"column":23}},"207":{"start":{"line":513,"column":21},"end":{"line":513,"column":null}},"208":{"start":{"line":514,"column":21},"end":{"line":514,"column":null}},"209":{"start":{"line":515,"column":22},"end":{"line":515,"column":33}},"210":{"start":{"line":516,"column":24},"end":{"line":516,"column":35}},"211":{"start":{"line":523,"column":8},"end":{"line":526,"column":null}},"212":{"start":{"line":523,"column":21},"end":{"line":523,"column":34}},"213":{"start":{"line":524,"column":12},"end":{"line":524,"column":17}},"214":{"start":{"line":525,"column":12},"end":{"line":525,"column":17}},"215":{"start":{"line":529,"column":8},"end":{"line":532,"column":null}},"216":{"start":{"line":530,"column":12},"end":{"line":531,"column":22}},"217":{"start":{"line":530,"column":25},"end":{"line":530,"column":34}},"218":{"start":{"line":531,"column":16},"end":{"line":531,"column":22}},"219":{"start":{"line":535,"column":8},"end":{"line":535,"column":13}},"220":{"start":{"line":536,"column":8},"end":{"line":536,"column":13}},"221":{"start":{"line":539,"column":8},"end":{"line":540,"column":18}},"222":{"start":{"line":540,"column":12},"end":{"line":540,"column":18}},"223":{"start":{"line":544,"column":8},"end":{"line":544,"column":12}},"224":{"start":{"line":545,"column":8},"end":{"line":545,"column":12}},"225":{"start":{"line":547,"column":8},"end":{"line":547,"column":13}},"226":{"start":{"line":548,"column":8},"end":{"line":548,"column":15}},"227":{"start":{"line":554,"column":21},"end":{"line":554,"column":null}},"228":{"start":{"line":555,"column":21},"end":{"line":555,"column":null}},"229":{"start":{"line":557,"column":45},"end":{"line":557,"column":56}},"230":{"start":{"line":558,"column":47},"end":{"line":558,"column":58}},"231":{"start":{"line":561,"column":8},"end":{"line":561,"column":13}},"232":{"start":{"line":562,"column":8},"end":{"line":562,"column":13}},"233":{"start":{"line":566,"column":8},"end":{"line":567,"column":18}},"234":{"start":{"line":567,"column":12},"end":{"line":567,"column":18}},"235":{"start":{"line":570,"column":8},"end":{"line":570,"column":12}},"236":{"start":{"line":571,"column":8},"end":{"line":571,"column":12}},"237":{"start":{"line":574,"column":8},"end":{"line":577,"column":null}},"238":{"start":{"line":574,"column":21},"end":{"line":574,"column":24}},"239":{"start":{"line":575,"column":12},"end":{"line":575,"column":19}},"240":{"start":{"line":576,"column":12},"end":{"line":576,"column":19}},"241":{"start":{"line":580,"column":8},"end":{"line":583,"column":null}},"242":{"start":{"line":581,"column":12},"end":{"line":582,"column":22}},"243":{"start":{"line":581,"column":25},"end":{"line":581,"column":28}},"244":{"start":{"line":582,"column":16},"end":{"line":582,"column":22}},"245":{"start":{"line":587,"column":8},"end":{"line":587,"column":13}},"246":{"start":{"line":588,"column":8},"end":{"line":588,"column":15}},"247":{"start":{"line":594,"column":18},"end":{"line":594,"column":null}},"248":{"start":{"line":595,"column":21},"end":{"line":595,"column":null}},"249":{"start":{"line":596,"column":21},"end":{"line":596,"column":null}},"250":{"start":{"line":597,"column":22},"end":{"line":597,"column":33}},"251":{"start":{"line":598,"column":24},"end":{"line":598,"column":35}},"252":{"start":{"line":602,"column":8},"end":{"line":602,"column":13}},"253":{"start":{"line":605,"column":8},"end":{"line":608,"column":null}},"254":{"start":{"line":605,"column":21},"end":{"line":605,"column":24}},"255":{"start":{"line":606,"column":12},"end":{"line":606,"column":17}},"256":{"start":{"line":607,"column":12},"end":{"line":607,"column":17}},"257":{"start":{"line":611,"column":8},"end":{"line":614,"column":null}},"258":{"start":{"line":612,"column":12},"end":{"line":613,"column":22}},"259":{"start":{"line":612,"column":25},"end":{"line":612,"column":28}},"260":{"start":{"line":613,"column":16},"end":{"line":613,"column":22}},"261":{"start":{"line":618,"column":8},"end":{"line":621,"column":null}},"262":{"start":{"line":618,"column":21},"end":{"line":618,"column":30}},"263":{"start":{"line":619,"column":12},"end":{"line":619,"column":16}},"264":{"start":{"line":620,"column":12},"end":{"line":620,"column":16}},"265":{"start":{"line":624,"column":8},"end":{"line":625,"column":18}},"266":{"start":{"line":624,"column":21},"end":{"line":624,"column":30}},"267":{"start":{"line":625,"column":12},"end":{"line":625,"column":18}},"268":{"start":{"line":628,"column":8},"end":{"line":628,"column":13}},"269":{"start":{"line":629,"column":8},"end":{"line":629,"column":13}},"270":{"start":{"line":630,"column":8},"end":{"line":630,"column":null}},"271":{"start":{"line":634,"column":8},"end":{"line":641,"column":null}},"272":{"start":{"line":634,"column":23},"end":{"line":634,"column":30}},"273":{"start":{"line":636,"column":20},"end":{"line":636,"column":null}},"274":{"start":{"line":637,"column":12},"end":{"line":639,"column":null}},"275":{"start":{"line":637,"column":25},"end":{"line":637,"column":28}},"276":{"start":{"line":638,"column":16},"end":{"line":638,"column":17}},"277":{"start":{"line":640,"column":12},"end":{"line":640,"column":19}}},"fnMap":{"0":{"name":"(anonymous_0)","decl":{"start":{"line":14,"column":4},"end":{"line":14,"column":16}},"loc":{"start":{"line":14,"column":54},"end":{"line":26,"column":null}}},"1":{"name":"(anonymous_1)","decl":{"start":{"line":28,"column":4},"end":{"line":28,"column":10}},"loc":{"start":{"line":28,"column":30},"end":{"line":39,"column":null}}},"2":{"name":"(anonymous_2)","decl":{"start":{"line":41,"column":4},"end":{"line":41,"column":10}},"loc":{"start":{"line":41,"column":59},"end":{"line":44,"column":null}}},"3":{"name":"(anonymous_3)","decl":{"start":{"line":47,"column":4},"end":{"line":47,"column":10}},"loc":{"start":{"line":47,"column":47},"end":{"line":62,"column":null}}},"4":{"name":"(anonymous_4)","decl":{"start":{"line":64,"column":4},"end":{"line":64,"column":10}},"loc":{"start":{"line":67,"column":56},"end":{"line":94,"column":null}}},"5":{"name":"(anonymous_5)","decl":{"start":{"line":96,"column":4},"end":{"line":96,"column":10}},"loc":{"start":{"line":99,"column":56},"end":{"line":128,"column":null}}},"6":{"name":"(anonymous_6)","decl":{"start":{"line":130,"column":4},"end":{"line":130,"column":10}},"loc":{"start":{"line":134,"column":56},"end":{"line":165,"column":null}}},"7":{"name":"(anonymous_7)","decl":{"start":{"line":167,"column":4},"end":{"line":167,"column":10}},"loc":{"start":{"line":169,"column":35},"end":{"line":190,"column":null}}},"8":{"name":"(anonymous_8)","decl":{"start":{"line":192,"column":4},"end":{"line":192,"column":10}},"loc":{"start":{"line":194,"column":35},"end":{"line":210,"column":null}}},"9":{"name":"(anonymous_9)","decl":{"start":{"line":213,"column":4},"end":{"line":213,"column":10}},"loc":{"start":{"line":216,"column":35},"end":{"line":238,"column":null}}},"10":{"name":"(anonymous_10)","decl":{"start":{"line":241,"column":4},"end":{"line":241,"column":10}},"loc":{"start":{"line":243,"column":35},"end":{"line":258,"column":null}}},"11":{"name":"(anonymous_11)","decl":{"start":{"line":262,"column":4},"end":{"line":262,"column":11}},"loc":{"start":{"line":262,"column":49},"end":{"line":266,"column":null}}},"12":{"name":"(anonymous_12)","decl":{"start":{"line":271,"column":4},"end":{"line":271,"column":10}},"loc":{"start":{"line":275,"column":17},"end":{"line":322,"column":null}}},"13":{"name":"(anonymous_13)","decl":{"start":{"line":326,"column":4},"end":{"line":326,"column":10}},"loc":{"start":{"line":326,"column":67},"end":{"line":376,"column":null}}},"14":{"name":"(anonymous_14)","decl":{"start":{"line":379,"column":4},"end":{"line":379,"column":10}},"loc":{"start":{"line":379,"column":63},"end":{"line":411,"column":null}}},"15":{"name":"(anonymous_15)","decl":{"start":{"line":414,"column":4},"end":{"line":414,"column":18}},"loc":{"start":{"line":414,"column":30},"end":{"line":424,"column":null}}},"16":{"name":"(anonymous_16)","decl":{"start":{"line":427,"column":4},"end":{"line":427,"column":10}},"loc":{"start":{"line":430,"column":17},"end":{"line":470,"column":null}}},"17":{"name":"(anonymous_17)","decl":{"start":{"line":473,"column":4},"end":{"line":473,"column":10}},"loc":{"start":{"line":473,"column":26},"end":{"line":480,"column":null}}},"18":{"name":"(anonymous_18)","decl":{"start":{"line":482,"column":4},"end":{"line":482,"column":10}},"loc":{"start":{"line":482,"column":26},"end":{"line":488,"column":null}}},"19":{"name":"(anonymous_19)","decl":{"start":{"line":491,"column":4},"end":{"line":491,"column":10}},"loc":{"start":{"line":491,"column":37},"end":{"line":508,"column":null}}},"20":{"name":"(anonymous_20)","decl":{"start":{"line":512,"column":4},"end":{"line":512,"column":10}},"loc":{"start":{"line":512,"column":36},"end":{"line":549,"column":null}}},"21":{"name":"(anonymous_21)","decl":{"start":{"line":553,"column":4},"end":{"line":553,"column":10}},"loc":{"start":{"line":553,"column":36},"end":{"line":589,"column":null}}},"22":{"name":"(anonymous_22)","decl":{"start":{"line":593,"column":4},"end":{"line":593,"column":10}},"loc":{"start":{"line":593,"column":38},"end":{"line":631,"column":null}}},"23":{"name":"(anonymous_23)","decl":{"start":{"line":633,"column":4},"end":{"line":633,"column":10}},"loc":{"start":{"line":633,"column":16},"end":{"line":642,"column":null}}}},"branchMap":{"0":{"loc":{"start":{"line":14,"column":28},"end":{"line":14,"column":31}},"type":"default-arg","locations":[{"start":{"line":14,"column":28},"end":{"line":14,"column":31}}]},"1":{"loc":{"start":{"line":14,"column":49},"end":{"line":14,"column":54}},"type":"default-arg","locations":[{"start":{"line":14,"column":49},"end":{"line":14,"column":54}}]},"2":{"loc":{"start":{"line":20,"column":8},"end":{"line":24,"column":null}},"type":"if","locations":[{"start":{"line":20,"column":8},"end":{"line":24,"column":null}},{"start":{"line":20,"column":8},"end":{"line":24,"column":null}}]},"3":{"loc":{"start":{"line":56,"column":12},"end":{"line":56,"column":34}},"type":"if","locations":[{"start":{"line":56,"column":12},"end":{"line":56,"column":34}},{"start":{"line":56,"column":12},"end":{"line":56,"column":34}}]},"4":{"loc":{"start":{"line":61,"column":8},"end":{"line":61,"column":30}},"type":"if","locations":[{"start":{"line":61,"column":8},"end":{"line":61,"column":30}},{"start":{"line":61,"column":8},"end":{"line":61,"column":30}}]},"5":{"loc":{"start":{"line":67,"column":38},"end":{"line":67,"column":56}},"type":"default-arg","locations":[{"start":{"line":67,"column":38},"end":{"line":67,"column":56}}]},"6":{"loc":{"start":{"line":75,"column":20},"end":{"line":75,"column":34}},"type":"binary-expr","locations":[{"start":{"line":75,"column":20},"end":{"line":75,"column":34}},{"start":{"line":75,"column":34},"end":{"line":75,"column":64}}]},"7":{"loc":{"start":{"line":78,"column":12},"end":{"line":79,"column":22}},"type":"if","locations":[{"start":{"line":78,"column":12},"end":{"line":79,"column":22}},{"start":{"line":78,"column":12},"end":{"line":79,"column":22}}]},"8":{"loc":{"start":{"line":88,"column":8},"end":{"line":89,"column":18}},"type":"if","locations":[{"start":{"line":88,"column":8},"end":{"line":89,"column":18}},{"start":{"line":88,"column":8},"end":{"line":89,"column":18}}]},"9":{"loc":{"start":{"line":99,"column":38},"end":{"line":99,"column":56}},"type":"default-arg","locations":[{"start":{"line":99,"column":38},"end":{"line":99,"column":56}}]},"10":{"loc":{"start":{"line":107,"column":15},"end":{"line":107,"column":29}},"type":"binary-expr","locations":[{"start":{"line":107,"column":15},"end":{"line":107,"column":29}},{"start":{"line":107,"column":29},"end":{"line":107,"column":60}}]},"11":{"loc":{"start":{"line":112,"column":12},"end":{"line":113,"column":22}},"type":"if","locations":[{"start":{"line":112,"column":12},"end":{"line":113,"column":22}},{"start":{"line":112,"column":12},"end":{"line":113,"column":22}}]},"12":{"loc":{"start":{"line":122,"column":8},"end":{"line":123,"column":18}},"type":"if","locations":[{"start":{"line":122,"column":8},"end":{"line":123,"column":18}},{"start":{"line":122,"column":8},"end":{"line":123,"column":18}}]},"13":{"loc":{"start":{"line":134,"column":38},"end":{"line":134,"column":56}},"type":"default-arg","locations":[{"start":{"line":134,"column":38},"end":{"line":134,"column":56}}]},"14":{"loc":{"start":{"line":142,"column":15},"end":{"line":142,"column":29}},"type":"binary-expr","locations":[{"start":{"line":142,"column":15},"end":{"line":142,"column":29}},{"start":{"line":142,"column":29},"end":{"line":142,"column":59}}]},"15":{"loc":{"start":{"line":144,"column":15},"end":{"line":144,"column":29}},"type":"binary-expr","locations":[{"start":{"line":144,"column":15},"end":{"line":144,"column":29}},{"start":{"line":144,"column":29},"end":{"line":144,"column":60}}]},"16":{"loc":{"start":{"line":147,"column":12},"end":{"line":148,"column":22}},"type":"if","locations":[{"start":{"line":147,"column":12},"end":{"line":148,"column":22}},{"start":{"line":147,"column":12},"end":{"line":148,"column":22}}]},"17":{"loc":{"start":{"line":158,"column":8},"end":{"line":159,"column":18}},"type":"if","locations":[{"start":{"line":158,"column":8},"end":{"line":159,"column":18}},{"start":{"line":158,"column":8},"end":{"line":159,"column":18}}]},"18":{"loc":{"start":{"line":171,"column":8},"end":{"line":171,"column":30}},"type":"if","locations":[{"start":{"line":171,"column":8},"end":{"line":171,"column":30}},{"start":{"line":171,"column":8},"end":{"line":171,"column":30}}]},"19":{"loc":{"start":{"line":177,"column":15},"end":{"line":177,"column":24}},"type":"binary-expr","locations":[{"start":{"line":177,"column":15},"end":{"line":177,"column":24}},{"start":{"line":177,"column":24},"end":{"line":177,"column":54}}]},"20":{"loc":{"start":{"line":181,"column":8},"end":{"line":189,"column":null}},"type":"if","locations":[{"start":{"line":181,"column":8},"end":{"line":189,"column":null}},{"start":{"line":181,"column":8},"end":{"line":189,"column":null}}]},"21":{"loc":{"start":{"line":196,"column":8},"end":{"line":196,"column":30}},"type":"if","locations":[{"start":{"line":196,"column":8},"end":{"line":196,"column":30}},{"start":{"line":196,"column":8},"end":{"line":196,"column":30}}]},"22":{"loc":{"start":{"line":201,"column":15},"end":{"line":201,"column":29}},"type":"binary-expr","locations":[{"start":{"line":201,"column":15},"end":{"line":201,"column":29}},{"start":{"line":201,"column":29},"end":{"line":201,"column":59}}]},"23":{"loc":{"start":{"line":204,"column":8},"end":{"line":209,"column":null}},"type":"if","locations":[{"start":{"line":204,"column":8},"end":{"line":209,"column":null}},{"start":{"line":204,"column":8},"end":{"line":209,"column":null}}]},"24":{"loc":{"start":{"line":218,"column":8},"end":{"line":218,"column":30}},"type":"if","locations":[{"start":{"line":218,"column":8},"end":{"line":218,"column":30}},{"start":{"line":218,"column":8},"end":{"line":218,"column":30}}]},"25":{"loc":{"start":{"line":224,"column":15},"end":{"line":224,"column":29}},"type":"binary-expr","locations":[{"start":{"line":224,"column":15},"end":{"line":224,"column":29}},{"start":{"line":224,"column":29},"end":{"line":224,"column":59}}]},"26":{"loc":{"start":{"line":225,"column":15},"end":{"line":225,"column":24}},"type":"binary-expr","locations":[{"start":{"line":225,"column":15},"end":{"line":225,"column":24}},{"start":{"line":225,"column":24},"end":{"line":225,"column":54}}]},"27":{"loc":{"start":{"line":228,"column":8},"end":{"line":237,"column":null}},"type":"if","locations":[{"start":{"line":228,"column":8},"end":{"line":237,"column":null}},{"start":{"line":228,"column":8},"end":{"line":237,"column":null}}]},"28":{"loc":{"start":{"line":248,"column":15},"end":{"line":248,"column":29}},"type":"binary-expr","locations":[{"start":{"line":248,"column":15},"end":{"line":248,"column":29}},{"start":{"line":248,"column":29},"end":{"line":248,"column":59}}]},"29":{"loc":{"start":{"line":251,"column":8},"end":{"line":251,"column":51}},"type":"if","locations":[{"start":{"line":251,"column":8},"end":{"line":251,"column":51}},{"start":{"line":251,"column":8},"end":{"line":251,"column":51}}]},"30":{"loc":{"start":{"line":254,"column":8},"end":{"line":254,"column":30}},"type":"if","locations":[{"start":{"line":254,"column":8},"end":{"line":254,"column":30}},{"start":{"line":254,"column":8},"end":{"line":254,"column":30}}]},"31":{"loc":{"start":{"line":264,"column":15},"end":{"line":264,"column":31}},"type":"binary-expr","locations":[{"start":{"line":264,"column":15},"end":{"line":264,"column":31}},{"start":{"line":264,"column":31},"end":{"line":264,"column":68}}]},"32":{"loc":{"start":{"line":283,"column":8},"end":{"line":320,"column":null}},"type":"if","locations":[{"start":{"line":283,"column":8},"end":{"line":320,"column":null}},{"start":{"line":283,"column":8},"end":{"line":320,"column":null}}]},"33":{"loc":{"start":{"line":287,"column":19},"end":{"line":287,"column":29}},"type":"binary-expr","locations":[{"start":{"line":287,"column":19},"end":{"line":287,"column":29}},{"start":{"line":287,"column":29},"end":{"line":287,"column":57}}]},"34":{"loc":{"start":{"line":300,"column":19},"end":{"line":300,"column":29}},"type":"binary-expr","locations":[{"start":{"line":300,"column":19},"end":{"line":300,"column":29}},{"start":{"line":300,"column":29},"end":{"line":300,"column":57}}]},"35":{"loc":{"start":{"line":303,"column":12},"end":{"line":310,"column":null}},"type":"if","locations":[{"start":{"line":303,"column":12},"end":{"line":310,"column":null}},{"start":{"line":303,"column":12},"end":{"line":310,"column":null}}]},"36":{"loc":{"start":{"line":309,"column":16},"end":{"line":309,"column":null}},"type":"if","locations":[{"start":{"line":309,"column":16},"end":{"line":309,"column":null}},{"start":{"line":309,"column":16},"end":{"line":309,"column":null}}]},"37":{"loc":{"start":{"line":342,"column":8},"end":{"line":347,"column":null}},"type":"if","locations":[{"start":{"line":342,"column":8},"end":{"line":347,"column":null}},{"start":{"line":342,"column":8},"end":{"line":347,"column":null}}]},"38":{"loc":{"start":{"line":385,"column":8},"end":{"line":410,"column":null}},"type":"if","locations":[{"start":{"line":385,"column":8},"end":{"line":410,"column":null}},{"start":{"line":385,"column":8},"end":{"line":410,"column":null}}]},"39":{"loc":{"start":{"line":385,"column":12},"end":{"line":385,"column":23}},"type":"binary-expr","locations":[{"start":{"line":385,"column":12},"end":{"line":385,"column":23}},{"start":{"line":385,"column":23},"end":{"line":385,"column":55}}]},"40":{"loc":{"start":{"line":388,"column":12},"end":{"line":389,"column":23}},"type":"if","locations":[{"start":{"line":388,"column":12},"end":{"line":389,"column":23}},{"start":{"line":388,"column":12},"end":{"line":389,"column":23}}]},"41":{"loc":{"start":{"line":392,"column":12},"end":{"line":393,"column":22}},"type":"if","locations":[{"start":{"line":392,"column":12},"end":{"line":393,"column":22}},{"start":{"line":392,"column":12},"end":{"line":393,"column":22}}]},"42":{"loc":{"start":{"line":402,"column":12},"end":{"line":402,"column":56}},"type":"if","locations":[{"start":{"line":402,"column":12},"end":{"line":402,"column":56}},{"start":{"line":402,"column":12},"end":{"line":402,"column":56}}]},"43":{"loc":{"start":{"line":407,"column":12},"end":{"line":409,"column":23}},"type":"if","locations":[{"start":{"line":407,"column":12},"end":{"line":409,"column":23}},{"start":{"line":407,"column":12},"end":{"line":409,"column":23}}]},"44":{"loc":{"start":{"line":407,"column":16},"end":{"line":407,"column":20}},"type":"binary-expr","locations":[{"start":{"line":407,"column":16},"end":{"line":407,"column":20}},{"start":{"line":407,"column":24},"end":{"line":407,"column":null}}]},"45":{"loc":{"start":{"line":441,"column":8},"end":{"line":469,"column":null}},"type":"if","locations":[{"start":{"line":441,"column":8},"end":{"line":469,"column":null}},{"start":{"line":441,"column":8},"end":{"line":469,"column":null}}]},"46":{"loc":{"start":{"line":448,"column":15},"end":{"line":469,"column":null}},"type":"if","locations":[{"start":{"line":448,"column":15},"end":{"line":469,"column":null}},{"start":{"line":448,"column":15},"end":{"line":469,"column":null}}]},"47":{"loc":{"start":{"line":495,"column":8},"end":{"line":507,"column":null}},"type":"if","locations":[{"start":{"line":495,"column":8},"end":{"line":507,"column":null}},{"start":{"line":495,"column":8},"end":{"line":507,"column":null}}]},"48":{"loc":{"start":{"line":495,"column":12},"end":{"line":495,"column":25}},"type":"binary-expr","locations":[{"start":{"line":495,"column":12},"end":{"line":495,"column":25}},{"start":{"line":495,"column":25},"end":{"line":495,"column":null}}]},"49":{"loc":{"start":{"line":499,"column":13},"end":{"line":507,"column":null}},"type":"if","locations":[{"start":{"line":499,"column":13},"end":{"line":507,"column":null}},{"start":{"line":499,"column":13},"end":{"line":507,"column":null}}]},"50":{"loc":{"start":{"line":499,"column":17},"end":{"line":499,"column":30}},"type":"binary-expr","locations":[{"start":{"line":499,"column":17},"end":{"line":499,"column":30}},{"start":{"line":499,"column":30},"end":{"line":499,"column":null}}]},"51":{"loc":{"start":{"line":505,"column":12},"end":{"line":506,"column":23}},"type":"if","locations":[{"start":{"line":505,"column":12},"end":{"line":506,"column":23}},{"start":{"line":505,"column":12},"end":{"line":506,"column":23}}]},"52":{"loc":{"start":{"line":529,"column":8},"end":{"line":532,"column":null}},"type":"if","locations":[{"start":{"line":529,"column":8},"end":{"line":532,"column":null}},{"start":{"line":529,"column":8},"end":{"line":532,"column":null}}]},"53":{"loc":{"start":{"line":539,"column":8},"end":{"line":540,"column":18}},"type":"if","locations":[{"start":{"line":539,"column":8},"end":{"line":540,"column":18}},{"start":{"line":539,"column":8},"end":{"line":540,"column":18}}]},"54":{"loc":{"start":{"line":566,"column":8},"end":{"line":567,"column":18}},"type":"if","locations":[{"start":{"line":566,"column":8},"end":{"line":567,"column":18}},{"start":{"line":566,"column":8},"end":{"line":567,"column":18}}]},"55":{"loc":{"start":{"line":580,"column":8},"end":{"line":583,"column":null}},"type":"if","locations":[{"start":{"line":580,"column":8},"end":{"line":583,"column":null}},{"start":{"line":580,"column":8},"end":{"line":583,"column":null}}]},"56":{"loc":{"start":{"line":611,"column":8},"end":{"line":614,"column":null}},"type":"if","locations":[{"start":{"line":611,"column":8},"end":{"line":614,"column":null}},{"start":{"line":611,"column":8},"end":{"line":614,"column":null}}]},"57":{"loc":{"start":{"line":634,"column":8},"end":{"line":641,"column":null}},"type":"if","locations":[{"start":{"line":634,"column":8},"end":{"line":641,"column":null}},{"start":{"line":634,"column":8},"end":{"line":641,"column":null}}]}},"s":{"0":2,"1":2,"2":9612,"3":9612,"4":406,"5":406,"6":406,"7":9612,"8":9207,"9":9206,"10":9206,"11":9206,"12":9206,"13":9206,"14":9206,"15":9206,"16":5636,"17":1,"18":1,"19":1,"20":1,"21":0,"22":1,"23":1,"24":0,"25":1,"26":1,"27":1,"28":3,"29":0,"30":3,"31":1,"32":0,"33":1,"34":1,"35":1,"36":1,"37":2,"38":1,"39":3,"40":0,"41":3,"42":1,"43":0,"44":21,"45":21,"46":21,"47":21,"48":16,"49":21,"50":17,"51":5,"52":17,"53":21,"54":9,"55":3,"56":1,"57":2,"58":2,"59":2,"60":0,"61":2,"62":2,"63":2,"64":0,"65":3,"66":1,"67":2,"68":2,"69":2,"70":0,"71":2,"72":2,"73":0,"74":12,"75":1,"76":11,"77":11,"78":11,"79":11,"80":23,"81":11,"82":18,"83":11,"84":5,"85":6,"86":0,"87":0,"88":0,"89":0,"90":0,"91":0,"92":0,"93":0,"94":0,"95":0,"96":0,"97":0,"98":0,"99":6615,"100":6615,"101":6615,"102":6615,"103":2363,"104":0,"105":0,"106":0,"107":2363,"108":2363,"109":2363,"110":4252,"111":0,"112":4252,"113":371,"114":371,"115":371,"116":4252,"117":6613,"118":384,"119":384,"120":384,"121":384,"122":384,"123":384,"124":384,"125":2220,"126":2220,"127":384,"128":47,"129":47,"130":296,"131":296,"132":384,"133":384,"134":384,"135":384,"136":384,"137":384,"138":0,"139":384,"140":384,"141":384,"142":0,"143":0,"144":384,"145":384,"146":384,"147":0,"148":0,"149":0,"150":0,"151":0,"152":0,"153":0,"154":0,"155":0,"156":0,"157":0,"158":0,"159":0,"160":0,"161":0,"162":0,"163":0,"164":0,"165":0,"166":0,"167":0,"168":0,"169":0,"170":0,"171":0,"172":0,"173":0,"174":0,"175":0,"176":0,"177":0,"178":0,"179":0,"180":0,"181":0,"182":0,"183":0,"184":0,"185":0,"186":0,"187":0,"188":0,"189":0,"190":0,"191":0,"192":0,"193":0,"194":0,"195":0,"196":0,"197":0,"198":0,"199":0,"200":0,"201":0,"202":0,"203":0,"204":0,"205":0,"206":0,"207":0,"208":0,"209":0,"210":0,"211":0,"212":0,"213":0,"214":0,"215":0,"216":0,"217":0,"218":0,"219":0,"220":0,"221":0,"222":0,"223":0,"224":0,"225":0,"226":0,"227":0,"228":0,"229":0,"230":0,"231":0,"232":0,"233":0,"234":0,"235":0,"236":0,"237":0,"238":0,"239":0,"240":0,"241":0,"242":0,"243":0,"244":0,"245":0,"246":0,"247":0,"248":0,"249":0,"250":0,"251":0,"252":0,"253":0,"254":0,"255":0,"256":0,"257":0,"258":0,"259":0,"260":0,"261":0,"262":0,"263":0,"264":0,"265":0,"266":0,"267":0,"268":0,"269":0,"270":0,"271":0,"272":0,"273":0,"274":0,"275":0,"276":0,"277":0},"f":{"0":9612,"1":9207,"2":5636,"3":1,"4":1,"5":1,"6":21,"7":3,"8":3,"9":12,"10":0,"11":0,"12":6615,"13":384,"14":0,"15":0,"16":0,"17":0,"18":0,"19":0,"20":0,"21":0,"22":0,"23":0},"b":{"0":[9206],"1":[9206],"2":[406,9206],"3":[0,1],"4":[0,1],"5":[0],"6":[4,3],"7":[0,3],"8":[0,1],"9":[0],"10":[3,3],"11":[0,3],"12":[0,1],"13":[1],"14":[37,35],"15":[38,31],"16":[5,12],"17":[9,12],"18":[1,2],"19":[2,2],"20":[2,0],"21":[1,2],"22":[2,2],"23":[2,0],"24":[1,11],"25":[34,31],"26":[29,26],"27":[5,6],"28":[0,0],"29":[0,0],"30":[0,0],"31":[0,0],"32":[2363,4252],"33":[2363,2363],"34":[4252,4252],"35":[371,3881],"36":[371,0],"37":[47,337],"38":[0,0],"39":[0,0],"40":[0,0],"41":[0,0],"42":[0,0],"43":[0,0],"44":[0,0],"45":[0,0],"46":[0,0],"47":[0,0],"48":[0,0],"49":[0,0],"50":[0,0],"51":[0,0],"52":[0,0],"53":[0,0],"54":[0,0],"55":[0,0],"56":[0,0],"57":[0,0]}}
[...]
,"F:\\DP\\code\\explorer-core\\src\\models\\Transaction.ts": {"path":"F:\\DP\\code\\explorer-core\\src\\models\\Transaction.ts","statementMap":{"0":{"start":{"line":1,"column":0},"end":{"line":1,"column":null}},"1":{"start":{"line":5,"column":8},"end":{"line":5,"column":15}}},"fnMap":{"0":{"name":"(anonymous_0)","decl":{"start":{"line":4,"column":4},"end":{"line":4,"column":null}},"loc":{"start":{"line":4,"column":4},"end":{"line":6,"column":null}}}},"branchMap":{},"s":{"0":0,"1":0},"f":{"0":0},"b":{}}
,"F:\\DP\\code\\explorer-core\\src\\store\\index.ts": {"path":"F:\\DP\\code\\explorer-core\\src\\store\\index.ts","statementMap":{"0":{"start":{"line":1,"column":0},"end":{"line":1,"column":null}},"1":{"start":{"line":2,"column":0},"end":{"line":2,"column":null}},"2":{"start":{"line":3,"column":0},"end":{"line":3,"column":null}},"3":{"start":{"line":5,"column":0},"end":{"line":5,"column":4}},"4":{"start":{"line":7,"column":14},"end":{"line":7,"column":null}},"5":{"start":{"line":9,"column":15},"end":{"line":9,"column":19}}},"fnMap":{},"branchMap":{},"s":{"0":2,"1":2,"2":2,"3":2,"4":2,"5":2},"f":{},"b":{}}
,"F:\\DP\\code\\explorer-core\\src\\store\\modules\\cart.js": {"path":"F:\\DP\\code\\explorer-core\\src\\store\\modules\\cart.js","statementMap":{"0":{"start":{"line":5,"column":14},"end":{"line":8,"column":1}},"1":{"start":{"line":11,"column":16},"end":{"line":30,"column":1}},"2":{"start":{"line":13,"column":8},"end":{"line":22,"column":11}},"3":{"start":{"line":14,"column":28},"end":{"line":16,"column":13}},"4":{"start":{"line":15,"column":27},"end":{"line":15,"column":44}},"5":{"start":{"line":17,"column":12},"end":{"line":21,"column":14}},"6":{"start":{"line":26,"column":8},"end":{"line":28,"column":14}},"7":{"start":{"line":27,"column":12},"end":{"line":27,"column":60}},"8":{"start":{"line":33,"column":16},"end":{"line":67,"column":1}},"9":{"start":{"line":35,"column":31},"end":{"line":35,"column":47}},"10":{"start":{"line":36,"column":8},"end":{"line":36,"column":42}},"11":{"start":{"line":38,"column":8},"end":{"line":38,"column":46}},"12":{"start":{"line":39,"column":8},"end":{"line":47,"column":10}},"13":{"start":{"line":41,"column":18},"end":{"line":41,"column":59}},"14":{"start":{"line":43,"column":16},"end":{"line":43,"column":54}},"15":{"start":{"line":45,"column":16},"end":{"line":45,"column":66}},"16":{"start":{"line":51,"column":8},"end":{"line":51,"column":42}},"17":{"start":{"line":52,"column":8},"end":{"line":65,"column":9}},"18":{"start":{"line":53,"column":29},"end":{"line":53,"column":77}},"19":{"start":{"line":53,"column":54},"end":{"line":53,"column":76}},"20":{"start":{"line":54,"column":12},"end":{"line":58,"column":13}},"21":{"start":{"line":55,"column":16},"end":{"line":55,"column":64}},"22":{"start":{"line":57,"column":16},"end":{"line":57,"column":58}},"23":{"start":{"line":60,"column":12},"end":{"line":64,"column":14}},"24":{"start":{"line":70,"column":18},"end":{"line":90,"column":1}},"25":{"start":{"line":72,"column":8},"end":{"line":75,"column":11}},"26":{"start":{"line":79,"column":25},"end":{"line":79,"column":65}},"27":{"start":{"line":79,"column":50},"end":{"line":79,"column":64}},"28":{"start":{"line":80,"column":8},"end":{"line":80,"column":28}},"29":{"start":{"line":84,"column":8},"end":{"line":84,"column":28}},"30":{"start":{"line":88,"column":8},"end":{"line":88,"column":38}}},"fnMap":{"0":{"name":"(anonymous_0)","decl":{"start":{"line":12,"column":18},"end":{"line":12,"column":19}},"loc":{"start":{"line":12,"column":49},"end":{"line":23,"column":5}},"line":12},"1":{"name":"(anonymous_1)","decl":{"start":{"line":13,"column":31},"end":{"line":13,"column":32}},"loc":{"start":{"line":13,"column":53},"end":{"line":22,"column":9}},"line":13},"2":{"name":"(anonymous_2)","decl":{"start":{"line":15,"column":16},"end":{"line":15,"column":17}},"loc":{"start":{"line":15,"column":27},"end":{"line":15,"column":44}},"line":15},"3":{"name":"(anonymous_3)","decl":{"start":{"line":25,"column":20},"end":{"line":25,"column":21}},"loc":{"start":{"line":25,"column":40},"end":{"line":29,"column":5}},"line":25},"4":{"name":"(anonymous_4)","decl":{"start":{"line":26,"column":43},"end":{"line":26,"column":44}},"loc":{"start":{"line":26,"column":63},"end":{"line":28,"column":9}},"line":26},"5":{"name":"(anonymous_5)","decl":{"start":{"line":34,"column":4},"end":{"line":34,"column":5}},"loc":{"start":{"line":34,"column":42},"end":{"line":48,"column":5}},"line":34},"6":{"name":"(anonymous_6)","decl":{"start":{"line":41,"column":12},"end":{"line":41,"column":13}},"loc":{"start":{"line":41,"column":18},"end":{"line":41,"column":59}},"line":41},"7":{"name":"(anonymous_7)","decl":{"start":{"line":42,"column":12},"end":{"line":42,"column":13}},"loc":{"start":{"line":42,"column":18},"end":{"line":46,"column":13}},"line":42},"8":{"name":"(anonymous_8)","decl":{"start":{"line":50,"column":4},"end":{"line":50,"column":5}},"loc":{"start":{"line":50,"column":49},"end":{"line":66,"column":5}},"line":50},"9":{"name":"(anonymous_9)","decl":{"start":{"line":53,"column":46},"end":{"line":53,"column":47}},"loc":{"start":{"line":53,"column":54},"end":{"line":53,"column":76}},"line":53},"10":{"name":"(anonymous_10)","decl":{"start":{"line":71,"column":4},"end":{"line":71,"column":5}},"loc":{"start":{"line":71,"column":37},"end":{"line":76,"column":5}},"line":71},"11":{"name":"(anonymous_11)","decl":{"start":{"line":78,"column":4},"end":{"line":78,"column":5}},"loc":{"start":{"line":78,"column":41},"end":{"line":81,"column":5}},"line":78},"12":{"name":"(anonymous_12)","decl":{"start":{"line":79,"column":42},"end":{"line":79,"column":43}},"loc":{"start":{"line":79,"column":50},"end":{"line":79,"column":64}},"line":79},"13":{"name":"(anonymous_13)","decl":{"start":{"line":83,"column":4},"end":{"line":83,"column":5}},"loc":{"start":{"line":83,"column":35},"end":{"line":85,"column":5}},"line":83},"14":{"name":"(anonymous_14)","decl":{"start":{"line":87,"column":4},"end":{"line":87,"column":5}},"loc":{"start":{"line":87,"column":37},"end":{"line":89,"column":5}},"line":87}},"branchMap":{"0":{"loc":{"start":{"line":52,"column":8},"end":{"line":65,"column":9}},"type":"if","locations":[{"start":{"line":52,"column":8},"end":{"line":65,"column":9}},{"start":{"line":52,"column":8},"end":{"line":65,"column":9}}],"line":52},"1":{"loc":{"start":{"line":54,"column":12},"end":{"line":58,"column":13}},"type":"if","locations":[{"start":{"line":54,"column":12},"end":{"line":58,"column":13}},{"start":{"line":54,"column":12},"end":{"line":58,"column":13}}],"line":54}},"s":{"0":0,"1":0,"2":0,"3":0,"4":0,"5":0,"6":0,"7":0,"8":0,"9":0,"10":0,"11":0,"12":0,"13":0,"14":0,"15":0,"16":0,"17":0,"18":0,"19":0,"20":0,"21":0,"22":0,"23":0,"24":0,"25":0,"26":0,"27":0,"28":0,"29":0,"30":0},"f":{"0":0,"1":0,"2":0,"3":0,"4":0,"5":0,"6":0,"7":0,"8":0,"9":0,"10":0,"11":0,"12":0,"13":0,"14":0},"b":{"0":[0,0],"1":[0,0]},"hash":"e55915051ac7184c8fbcb019bb8e612f50d5f63a"}
,"F:\\DP\\code\\explorer-core\\src\\store\\modules\\products.js": {"path":"F:\\DP\\code\\explorer-core\\src\\store\\modules\\products.js","statementMap":{"0":{"start":{"line":4,"column":14},"end":{"line":6,"column":1}},"1":{"start":{"line":9,"column":16},"end":{"line":9,"column":18}},"2":{"start":{"line":12,"column":16},"end":{"line":18,"column":1}},"3":{"start":{"line":14,"column":8},"end":{"line":16,"column":11}},"4":{"start":{"line":15,"column":12},"end":{"line":15,"column":44}},"5":{"start":{"line":21,"column":18},"end":{"line":30,"column":1}},"6":{"start":{"line":23,"column":8},"end":{"line":23,"column":29}},"7":{"start":{"line":27,"column":24},"end":{"line":27,"column":68}},"8":{"start":{"line":27,"column":50},"end":{"line":27,"column":67}},"9":{"start":{"line":28,"column":8},"end":{"line":28,"column":28}}},"fnMap":{"0":{"name":"(anonymous_0)","decl":{"start":{"line":13,"column":4},"end":{"line":13,"column":5}},"loc":{"start":{"line":13,"column":31},"end":{"line":17,"column":5}},"line":13},"1":{"name":"(anonymous_1)","decl":{"start":{"line":14,"column":25},"end":{"line":14,"column":26}},"loc":{"start":{"line":14,"column":37},"end":{"line":16,"column":9}},"line":14},"2":{"name":"(anonymous_2)","decl":{"start":{"line":22,"column":4},"end":{"line":22,"column":5}},"loc":{"start":{"line":22,"column":33},"end":{"line":24,"column":5}},"line":22},"3":{"name":"(anonymous_3)","decl":{"start":{"line":26,"column":4},"end":{"line":26,"column":5}},"loc":{"start":{"line":26,"column":45},"end":{"line":29,"column":5}},"line":26},"4":{"name":"(anonymous_4)","decl":{"start":{"line":27,"column":39},"end":{"line":27,"column":40}},"loc":{"start":{"line":27,"column":50},"end":{"line":27,"column":67}},"line":27}},"branchMap":{},"s":{"0":0,"1":0,"2":0,"3":0,"4":0,"5":0,"6":0,"7":0,"8":0,"9":0},"f":{"0":0,"1":0,"2":0,"3":0,"4":0},"b":{},"hash":"e7239425888514f23f653323d5cf61ec9efd6c43"}
,"F:\\DP\\code\\explorer-core\\src\\store\\modules\\queries.ts": {"path":"F:\\DP\\code\\explorer-core\\src\\store\\modules\\queries.ts","statementMap":{"0":{"start":{"line":1,"column":0},"end":{"line":1,"column":null}},"1":{"start":{"line":2,"column":0},"end":{"line":2,"column":null}},"2":{"start":{"line":8,"column":14},"end":{"line":8,"column":null}},"3":{"start":{"line":16,"column":16},"end":{"line":16,"column":null}},"4":{"start":{"line":18,"column":8},"end":{"line":18,"column":15}},"5":{"start":{"line":21,"column":8},"end":{"line":21,"column":15}},"6":{"start":{"line":24,"column":22},"end":{"line":24,"column":null}},"7":{"start":{"line":25,"column":25},"end":{"line":25,"column":null}},"8":{"start":{"line":26,"column":8},"end":{"line":41,"column":null}},"9":{"start":{"line":27,"column":12},"end":{"line":40,"column":null}},"10":{"start":{"line":28,"column":32},"end":{"line":28,"column":45}},"11":{"start":{"line":29,"column":16},"end":{"line":31,"column":null}},"12":{"start":{"line":30,"column":20},"end":{"line":30,"column":30}},"13":{"start":{"line":32,"column":16},"end":{"line":32,"column":23}},"14":{"start":{"line":37,"column":16},"end":{"line":37,"column":26}},"15":{"start":{"line":39,"column":16},"end":{"line":39,"column":23}},"16":{"start":{"line":42,"column":8},"end":{"line":42,"column":15}},"17":{"start":{"line":45,"column":24},"end":{"line":45,"column":null}},"18":{"start":{"line":46,"column":12},"end":{"line":49,"column":null}},"19":{"start":{"line":47,"column":16},"end":{"line":47,"column":20}},"20":{"start":{"line":48,"column":16},"end":{"line":48,"column":null}},"21":{"start":{"line":50,"column":12},"end":{"line":50,"column":19}},"22":{"start":{"line":51,"column":12},"end":{"line":51,"column":19}},"23":{"start":{"line":55,"column":8},"end":{"line":55,"column":15}},"24":{"start":{"line":60,"column":16},"end":{"line":60,"column":null}},"25":{"start":{"line":62,"column":8},"end":{"line":62,"column":14}},"26":{"start":{"line":65,"column":8},"end":{"line":65,"column":14}},"27":{"start":{"line":68,"column":8},"end":{"line":68,"column":14}},"28":{"start":{"line":69,"column":8},"end":{"line":69,"column":15}},"29":{"start":{"line":72,"column":8},"end":{"line":72,"column":null}},"30":{"start":{"line":72,"column":36},"end":{"line":72,"column":null}},"31":{"start":{"line":73,"column":8},"end":{"line":73,"column":15}},"32":{"start":{"line":74,"column":8},"end":{"line":74,"column":14}},"33":{"start":{"line":75,"column":8},"end":{"line":75,"column":15}},"34":{"start":{"line":79,"column":8},"end":{"line":86,"column":null}},"35":{"start":{"line":80,"column":12},"end":{"line":80,"column":18}},"36":{"start":{"line":88,"column":8},"end":{"line":141,"column":null}},"37":{"start":{"line":88,"column":21},"end":{"line":88,"column":24}},"38":{"start":{"line":89,"column":12},"end":{"line":140,"column":null}},"39":{"start":{"line":90,"column":16},"end":{"line":90,"column":22}},"40":{"start":{"line":100,"column":16},"end":{"line":100,"column":22}},"41":{"start":{"line":116,"column":16},"end":{"line":116,"column":22}},"42":{"start":{"line":127,"column":16},"end":{"line":127,"column":22}},"43":{"start":{"line":143,"column":8},"end":{"line":185,"column":null}},"44":{"start":{"line":144,"column":12},"end":{"line":163,"column":null}},"45":{"start":{"line":145,"column":16},"end":{"line":145,"column":22}},"46":{"start":{"line":153,"column":16},"end":{"line":153,"column":22}},"47":{"start":{"line":165,"column":12},"end":{"line":184,"column":null}},"48":{"start":{"line":166,"column":16},"end":{"line":166,"column":22}},"49":{"start":{"line":174,"column":16},"end":{"line":174,"column":22}},"50":{"start":{"line":190,"column":18},"end":{"line":190,"column":null}},"51":{"start":{"line":192,"column":8},"end":{"line":192,"column":13}},"52":{"start":{"line":195,"column":8},"end":{"line":195,"column":13}},"53":{"start":{"line":198,"column":8},"end":{"line":198,"column":13}},"54":{"start":{"line":199,"column":8},"end":{"line":199,"column":13}},"55":{"start":{"line":200,"column":8},"end":{"line":200,"column":13}},"56":{"start":{"line":203,"column":8},"end":{"line":203,"column":13}},"57":{"start":{"line":207,"column":15},"end":{"line":207,"column":null}},"58":{"start":{"line":216,"column":4},"end":{"line":216,"column":11}},"59":{"start":{"line":217,"column":20},"end":{"line":217,"column":null}}},"fnMap":{"0":{"name":"(anonymous_0)","decl":{"start":{"line":17,"column":18},"end":{"line":17,"column":23}},"loc":{"start":{"line":17,"column":26},"end":{"line":19,"column":null}}},"1":{"name":"(anonymous_1)","decl":{"start":{"line":20,"column":14},"end":{"line":20,"column":19}},"loc":{"start":{"line":20,"column":22},"end":{"line":22,"column":null}}},"2":{"name":"(anonymous_2)","decl":{"start":{"line":23,"column":11},"end":{"line":23,"column":16}},"loc":{"start":{"line":23,"column":19},"end":{"line":53,"column":null}}},"3":{"name":"getNodeLevel","decl":{"start":{"line":44,"column":17},"end":{"line":44,"column":30}},"loc":{"start":{"line":44,"column":34},"end":{"line":52,"column":null}}},"4":{"name":"(anonymous_4)","decl":{"start":{"line":54,"column":12},"end":{"line":54,"column":17}},"loc":{"start":{"line":54,"column":20},"end":{"line":56,"column":null}}},"5":{"name":"(anonymous_5)","decl":{"start":{"line":61,"column":4},"end":{"line":61,"column":18}},"loc":{"start":{"line":61,"column":37},"end":{"line":63,"column":null}}},"6":{"name":"(anonymous_6)","decl":{"start":{"line":64,"column":4},"end":{"line":64,"column":12}},"loc":{"start":{"line":64,"column":33},"end":{"line":66,"column":null}}},"7":{"name":"(anonymous_7)","decl":{"start":{"line":67,"column":4},"end":{"line":67,"column":12}},"loc":{"start":{"line":67,"column":30},"end":{"line":70,"column":null}}},"8":{"name":"(anonymous_8)","decl":{"start":{"line":71,"column":4},"end":{"line":71,"column":10}},"loc":{"start":{"line":71,"column":35},"end":{"line":186,"column":null}}},"9":{"name":"(anonymous_9)","decl":{"start":{"line":191,"column":4},"end":{"line":191,"column":12}},"loc":{"start":{"line":191,"column":25},"end":{"line":193,"column":null}}},"10":{"name":"(anonymous_10)","decl":{"start":{"line":194,"column":4},"end":{"line":194,"column":13}},"loc":{"start":{"line":194,"column":27},"end":{"line":196,"column":null}}},"11":{"name":"(anonymous_11)","decl":{"start":{"line":197,"column":4},"end":{"line":197,"column":15}},"loc":{"start":{"line":197,"column":28},"end":{"line":201,"column":null}}},"12":{"name":"(anonymous_12)","decl":{"start":{"line":202,"column":4},"end":{"line":202,"column":11}},"loc":{"start":{"line":202,"column":23},"end":{"line":204,"column":null}}},"13":{"name":"getLableFromNode","decl":{"start":{"line":215,"column":9},"end":{"line":215,"column":26}},"loc":{"start":{"line":215,"column":30},"end":{"line":219,"column":null}}},"14":{"name":"(anonymous_14)","decl":{"start":{"line":217,"column":13},"end":{"line":217,"column":15}},"loc":{"start":{"line":217,"column":20},"end":{"line":217,"column":null}}}},"branchMap":{"0":{"loc":{"start":{"line":27,"column":12},"end":{"line":40,"column":null}},"type":"if","locations":[{"start":{"line":27,"column":12},"end":{"line":40,"column":null}},{"start":{"line":27,"column":12},"end":{"line":40,"column":null}}]},"1":{"loc":{"start":{"line":29,"column":16},"end":{"line":31,"column":null}},"type":"if","locations":[{"start":{"line":29,"column":16},"end":{"line":31,"column":null}},{"start":{"line":29,"column":16},"end":{"line":31,"column":null}}]},"2":{"loc":{"start":{"line":72,"column":8},"end":{"line":72,"column":null}},"type":"if","locations":[{"start":{"line":72,"column":8},"end":{"line":72,"column":null}},{"start":{"line":72,"column":8},"end":{"line":72,"column":null}}]},"3":{"loc":{"start":{"line":79,"column":8},"end":{"line":86,"column":null}},"type":"if","locations":[{"start":{"line":79,"column":8},"end":{"line":86,"column":null}},{"start":{"line":79,"column":8},"end":{"line":86,"column":null}}]},"4":{"loc":{"start":{"line":89,"column":12},"end":{"line":140,"column":null}},"type":"if","locations":[{"start":{"line":89,"column":12},"end":{"line":140,"column":null}},{"start":{"line":89,"column":12},"end":{"line":140,"column":null}}]},"5":{"loc":{"start":{"line":111,"column":34},"end":{"line":111,"column":null}},"type":"cond-expr","locations":[{"start":{"line":111,"column":34},"end":{"line":111,"column":null}},{"start":{"line":112,"column":34},"end":{"line":112,"column":null}}]},"6":{"loc":{"start":{"line":136,"column":34},"end":{"line":136,"column":null}},"type":"cond-expr","locations":[{"start":{"line":136,"column":34},"end":{"line":136,"column":null}},{"start":{"line":137,"column":34},"end":{"line":137,"column":null}}]},"7":{"loc":{"start":{"line":143,"column":8},"end":{"line":185,"column":null}},"type":"if","locations":[{"start":{"line":143,"column":8},"end":{"line":185,"column":null}},{"start":{"line":143,"column":8},"end":{"line":185,"column":null}}]},"8":{"loc":{"start":{"line":144,"column":12},"end":{"line":163,"column":null}},"type":"if","locations":[{"start":{"line":144,"column":12},"end":{"line":163,"column":null}},{"start":{"line":144,"column":12},"end":{"line":163,"column":null}}]},"9":{"loc":{"start":{"line":165,"column":12},"end":{"line":184,"column":null}},"type":"if","locations":[{"start":{"line":165,"column":12},"end":{"line":184,"column":null}},{"start":{"line":165,"column":12},"end":{"line":184,"column":null}}]},"10":{"loc":{"start":{"line":217,"column":38},"end":{"line":217,"column":46}},"type":"cond-expr","locations":[{"start":{"line":217,"column":38},"end":{"line":217,"column":46}},{"start":{"line":217,"column":46},"end":{"line":217,"column":null}}]}},"s":{"0":2,"1":2,"2":2,"3":2,"4":0,"5":0,"6":0,"7":0,"8":0,"9":0,"10":0,"11":0,"12":0,"13":0,"14":0,"15":0,"16":0,"17":0,"18":0,"19":0,"20":0,"21":0,"22":0,"23":0,"24":2,"25":0,"26":0,"27":0,"28":0,"29":0,"30":0,"31":0,"32":0,"33":0,"34":0,"35":0,"36":0,"37":0,"38":0,"39":0,"40":0,"41":0,"42":0,"43":0,"44":0,"45":0,"46":0,"47":0,"48":0,"49":0,"50":2,"51":0,"52":0,"53":0,"54":0,"55":0,"56":0,"57":2,"58":0,"59":0},"f":{"0":0,"1":0,"2":0,"3":0,"4":0,"5":0,"6":0,"7":0,"8":0,"9":0,"10":0,"11":0,"12":0,"13":0,"14":0},"b":{"0":[0,0],"1":[0,0],"2":[0,0],"3":[0,0],"4":[0,0],"5":[0,0],"6":[0,0],"7":[0,0],"8":[0,0],"9":[0,0],"10":[0,0]}}
}
