TN:
SF:F:\DP\code\explorer-core\src\logger.ts
FNF:0
FNH:0
DA:1,2
DA:2,2
DA:4,2
DA:5,2
DA:7,2
DA:38,2
DA:40,2
DA:41,2
DA:44,2
LF:9
LH:9
BRDA:40,0,0,2
BRDA:40,0,1,0
BRF:2
BRH:1
end_of_record
TN:
SF:F:\DP\code\explorer-core\src\main.ts
FN:7,(anonymous_0)
FNF:1
FNH:0
FNDA:0,(anonymous_0)
DA:1,0
DA:2,0
DA:4,0
DA:6,0
DA:7,0
LF:5
LH:0
BRF:0
BRH:0
end_of_record
TN:
SF:F:\DP\code\explorer-core\src\database\index\IndexBase.ts
FN:9,(anonymous_0)
FN:15,(anonymous_1)
FN:18,(anonymous_2)
FN:27,(anonymous_3)
FNF:4
FNH:0
FNDA:0,(anonymous_0)
FNDA:0,(anonymous_1)
FNDA:0,(anonymous_2)
FNDA:0,(anonymous_3)
DA:2,0
DA:10,0
DA:11,0
DA:12,0
DA:16,0
DA:17,0
DA:18,0
DA:19,0
DA:21,0
DA:28,0
DA:29,0
DA:31,0
LF:12
LH:0
BRDA:19,0,0,0
BRDA:19,0,1,0
BRF:2
BRH:0
end_of_record
TN:
SF:F:\DP\code\explorer-core\src\database\index\bTree\BTree.ts
FN:23,(anonymous_0)
FN:32,(anonymous_1)
FN:43,(anonymous_2)
FN:60,(anonymous_3)
FN:105,(anonymous_4)
FN:117,(anonymous_5)
FN:141,(anonymous_6)
FN:172,(anonymous_7)
FN:186,(anonymous_8)
FN:196,(anonymous_9)
FNF:10
FNH:7
FNDA:1,(anonymous_0)
FNDA:1,(anonymous_1)
FNDA:1,(anonymous_2)
FNDA:0,(anonymous_3)
FNDA:2,(anonymous_4)
FNDA:2,(anonymous_5)
FNDA:1,(anonymous_6)
FNDA:1,(anonymous_7)
FNDA:0,(anonymous_8)
FNDA:0,(anonymous_9)
DA:1,1
DA:16,1
DA:27,1
DA:28,1
DA:29,1
DA:33,1
DA:34,1
DA:36,1
DA:37,1
DA:39,0
DA:44,1
DA:45,1
DA:47,1
DA:49,0
DA:50,0
DA:53,1
DA:55,1
DA:56,0
DA:61,0
DA:64,0
DA:66,0
DA:72,0
DA:74,0
DA:75,0
DA:76,0
DA:78,0
DA:79,0
DA:83,0
DA:84,0
DA:85,0
DA:87,0
DA:88,0
DA:90,0
DA:91,0
DA:94,0
DA:101,0
DA:106,2
DA:107,2
DA:109,0
DA:111,0
DA:112,0
DA:121,2
DA:122,1
DA:125,1
DA:126,1
DA:127,0
DA:130,1
DA:131,1
DA:132,1
DA:133,1
DA:134,0
DA:135,0
DA:137,0
DA:147,1
DA:148,1
DA:151,0
DA:152,0
DA:153,0
DA:154,0
DA:155,0
DA:156,0
DA:163,0
DA:173,1
DA:174,0
DA:176,1
DA:177,0
DA:178,1
DA:179,0
DA:181,1
DA:187,0
DA:203,0
DA:205,0
DA:206,0
DA:207,0
DA:213,0
DA:214,0
DA:215,0
DA:216,0
DA:217,0
DA:228,0
LF:80
LH:30
BRDA:24,0,0,1
BRDA:36,1,0,1
BRDA:36,1,1,0
BRDA:47,2,0,0
BRDA:47,2,1,1
BRDA:55,3,0,0
BRDA:55,3,1,1
BRDA:62,4,0,0
BRDA:62,4,1,0
BRDA:74,5,0,0
BRDA:74,5,1,0
BRDA:84,6,0,0
BRDA:84,6,1,0
BRDA:90,7,0,0
BRDA:90,7,1,0
BRDA:106,8,0,2
BRDA:106,8,1,0
BRDA:111,9,0,0
BRDA:111,9,1,0
BRDA:121,10,0,1
BRDA:121,10,1,1
BRDA:126,11,0,0
BRDA:126,11,1,1
BRDA:132,12,0,1
BRDA:132,12,1,0
BRDA:134,13,0,0
BRDA:134,13,1,0
BRDA:147,14,0,1
BRDA:147,14,1,0
BRDA:153,15,0,0
BRDA:153,15,1,0
BRDA:155,16,0,0
BRDA:155,16,1,0
BRDA:173,17,0,0
BRDA:173,17,1,1
BRDA:176,18,0,0
BRDA:176,18,1,1
BRDA:178,19,0,0
BRDA:178,19,1,1
BRDA:205,20,0,0
BRDA:205,20,1,0
BRDA:206,21,0,0
BRDA:206,21,1,0
BRDA:209,22,0,0
BRDA:209,22,1,0
BRDA:213,23,0,0
BRDA:213,23,1,0
BRDA:221,24,0,0
BRDA:221,24,1,0
BRF:49
BRH:13
end_of_record
TN:
SF:F:\DP\code\explorer-core\src\database\index\bTree\LocalBTreeChildren.ts
FN:5,(anonymous_0)
FN:11,(anonymous_1)
FN:15,(anonymous_2)
FN:18,(anonymous_3)
FN:21,(anonymous_4)
FN:24,(anonymous_5)
FN:27,(anonymous_6)
FN:34,(anonymous_7)
FN:38,(anonymous_8)
FNF:9
FNH:4
FNDA:1,(anonymous_0)
FNDA:1,(anonymous_1)
FNDA:0,(anonymous_2)
FNDA:0,(anonymous_3)
FNDA:0,(anonymous_4)
FNDA:0,(anonymous_5)
FNDA:0,(anonymous_6)
FNDA:4,(anonymous_7)
FNDA:2,(anonymous_8)
DA:6,1
DA:12,1
DA:16,0
DA:19,0
DA:22,0
DA:25,0
DA:26,0
DA:27,0
DA:35,4
DA:39,2
LF:10
LH:4
BRDA:5,0,0,1
BRF:1
BRH:1
end_of_record
TN:
SF:F:\DP\code\explorer-core\src\database\index\hashtable\Hashtable.ts
FN:8,(anonymous_0)
FN:12,(anonymous_1)
FNF:2
FNH:0
FNDA:0,(anonymous_0)
FNDA:0,(anonymous_1)
DA:2,0
DA:3,0
DA:6,0
DA:9,0
DA:13,0
DA:14,0
DA:15,0
DA:18,0
DA:19,0
LF:9
LH:0
BRF:0
BRH:0
end_of_record
TN:
SF:F:\DP\code\explorer-core\src\database\index\reverseLookup\ReverseLookup.ts
FN:11,(anonymous_0)
FN:21,(anonymous_1)
FN:49,(anonymous_2)
FN:56,(anonymous_3)
FN:63,(anonymous_4)
FN:75,(anonymous_5)
FNF:6
FNH:0
FNDA:0,(anonymous_0)
FNDA:0,(anonymous_1)
FNDA:0,(anonymous_2)
FNDA:0,(anonymous_3)
FNDA:0,(anonymous_4)
FNDA:0,(anonymous_5)
DA:1,0
DA:3,0
DA:5,0
DA:8,0
DA:17,0
DA:18,0
DA:22,0
DA:23,0
DA:24,0
DA:25,0
DA:26,0
DA:28,0
DA:34,0
DA:35,0
DA:36,0
DA:37,0
DA:39,0
DA:42,0
DA:46,0
DA:50,0
DA:51,0
DA:53,0
DA:57,0
DA:58,0
DA:60,0
DA:61,0
DA:62,0
DA:64,0
DA:75,0
DA:76,0
DA:77,0
DA:81,0
LF:32
LH:0
BRDA:50,0,0,0
BRDA:50,0,1,0
BRDA:57,1,0,0
BRDA:57,1,1,0
BRF:4
BRH:0
end_of_record
TN:
SF:F:\DP\code\explorer-core\src\ipfs\DAG.ts
FN:4,(anonymous_0)
FN:8,(anonymous_1)
FN:14,(anonymous_2)
FNF:3
FNH:0
FNDA:0,(anonymous_0)
FNDA:0,(anonymous_1)
FNDA:0,(anonymous_2)
DA:1,0
DA:5,0
DA:9,0
DA:10,0
DA:11,0
DA:15,0
DA:16,0
DA:17,0
LF:8
LH:0
BRF:0
BRH:0
end_of_record
TN:
SF:F:\DP\code\explorer-core\src\ipfs\IPFSConnector.ts
FN:11,(anonymous_0)
FN:15,(anonymous_1)
FN:46,(anonymous_2)
FN:50,(anonymous_3)
FNF:4
FNH:4
FNDA:3,(anonymous_0)
FNDA:9,(anonymous_1)
FNDA:3,(anonymous_2)
FNDA:3,(anonymous_3)
DA:2,1
DA:3,1
DA:4,1
DA:8,1
DA:12,3
DA:16,9
DA:17,1
DA:19,1
DA:22,0
DA:43,8
DA:47,3
DA:51,3
DA:52,3
DA:53,0
DA:55,3
LF:15
LH:13
BRDA:16,0,0,1
BRDA:16,0,1,8
BRF:2
BRH:2
end_of_record
TN:
SF:F:\DP\code\explorer-core\src\ipfs\ipfsDefaultConfig.ts
FN:24,(anonymous_0)
FNF:1
FNH:0
FNDA:0,(anonymous_0)
DA:1,1
DA:2,1
DA:3,1
DA:4,1
DA:5,1
DA:6,1
DA:7,1
DA:8,1
DA:9,1
DA:10,1
DA:11,1
DA:12,1
DA:13,1
DA:14,1
DA:16,1
DA:24,1
DA:26,0
DA:27,0
DA:28,0
DA:31,0
DA:36,0
DA:90,1
LF:22
LH:17
BRF:0
BRH:0
end_of_record
TN:
SF:F:\DP\code\explorer-core\src\models\Address.ts
FN:4,(anonymous_0)
FNF:1
FNH:0
FNDA:0,(anonymous_0)
DA:1,0
DA:5,0
LF:2
LH:0
BRF:0
BRH:0
end_of_record
TN:
SF:F:\DP\code\explorer-core\src\models\Block.ts
FN:4,(anonymous_0)
FNF:1
FNH:0
FNDA:0,(anonymous_0)
DA:1,0
DA:5,0
LF:2
LH:0
BRF:0
BRH:0
end_of_record
TN:
SF:F:\DP\code\explorer-core\src\models\Transaction.ts
FN:4,(anonymous_0)
FNF:1
FNH:0
FNDA:0,(anonymous_0)
DA:1,0
DA:5,0
LF:2
LH:0
BRF:0
BRH:0
end_of_record
