TN:
SF:F:\DP\code\explorer-core\src\common.ts
FN:1,delay
FN:2,(anonymous_1)
FNF:2
FNH:0
FNDA:0,delay
FNDA:0,(anonymous_1)
DA:2,0
LF:1
LH:0
BRF:0
BRH:0
end_of_record
TN:
SF:F:\DP\code\explorer-core\src\logger.ts
FNF:0
FNH:0
DA:1,3
DA:2,3
DA:4,3
DA:5,3
DA:7,3
DA:32,3
DA:34,3
DA:35,3
DA:38,3
LF:9
LH:9
BRDA:34,0,0,3
BRDA:34,0,1,0
BRF:2
BRH:1
end_of_record
TN:
SF:F:\DP\code\explorer-core\src\main.ts
FN:10,(anonymous_0)
FNF:1
FNH:0
FNDA:0,(anonymous_0)
DA:1,0
DA:2,0
DA:3,0
DA:4,0
DA:6,0
DA:8,0
DA:10,0
LF:7
LH:0
BRF:0
BRH:0
end_of_record
TN:
SF:F:\DP\code\explorer-core\src\startup.ts
FN:16,(anonymous_0)
FNF:1
FNH:0
FNDA:0,(anonymous_0)
DA:1,0
DA:3,0
DA:4,0
DA:5,0
DA:6,0
DA:7,0
DA:8,0
DA:10,0
DA:14,0
DA:15,0
DA:16,0
DA:17,0
DA:18,0
DA:19,0
DA:20,0
DA:21,0
DA:24,0
DA:25,0
DA:26,0
DA:27,0
LF:20
LH:0
BRF:0
BRH:0
end_of_record
TN:
SF:F:\DP\code\explorer-core\src\database\DAL\conditions\propertyCondition.ts
FN:14,(anonymous_0)
FN:19,(anonymous_1)
FN:29,(anonymous_2)
FN:39,(anonymous_3)
FN:49,(anonymous_4)
FNF:5
FNH:4
FNDA:4,(anonymous_0)
FNDA:1,(anonymous_1)
FNDA:1,(anonymous_2)
FNDA:2,(anonymous_3)
FNDA:0,(anonymous_4)
DA:1,1
DA:4,1
DA:5,1
DA:6,1
DA:7,1
DA:15,4
DA:16,4
DA:20,1
DA:21,1
DA:26,1
DA:30,1
DA:31,1
DA:36,1
DA:40,2
DA:41,2
DA:46,2
DA:50,0
DA:51,0
DA:56,0
LF:19
LH:16
BRF:0
BRH:0
end_of_record
TN:
SF:F:\DP\code\explorer-core\src\database\DAL\conditions\comparators\between.ts
FN:10,(anonymous_0)
FN:17,(anonymous_1)
FN:21,(anonymous_2)
FNF:3
FNH:0
FNDA:0,(anonymous_0)
FNDA:0,(anonymous_1)
FNDA:0,(anonymous_2)
DA:2,1
DA:11,0
DA:12,0
DA:13,0
DA:14,0
DA:18,0
DA:22,0
LF:7
LH:1
BRDA:18,0,0,0
BRDA:18,0,1,0
BRF:2
BRH:0
end_of_record
TN:
SF:F:\DP\code\explorer-core\src\database\DAL\conditions\comparators\equal.ts
FN:9,(anonymous_0)
FN:15,(anonymous_1)
FN:19,(anonymous_2)
FN:23,(anonymous_3)
FN:25,(anonymous_4)
FNF:5
FNH:4
FNDA:2,(anonymous_0)
FNDA:0,(anonymous_1)
FNDA:2,(anonymous_2)
FNDA:2,(anonymous_3)
FNDA:3,(anonymous_4)
DA:2,1
DA:10,2
DA:11,2
DA:12,2
DA:16,0
DA:20,2
DA:21,2
DA:22,2
DA:24,2
DA:26,3
DA:27,2
DA:32,1
LF:12
LH:11
BRDA:26,0,0,2
BRDA:26,0,1,1
BRF:2
BRH:2
end_of_record
TN:
SF:F:\DP\code\explorer-core\src\database\DAL\conditions\comparators\greatherThan.ts
FN:9,(anonymous_0)
FN:15,(anonymous_1)
FN:19,(anonymous_2)
FNF:3
FNH:2
FNDA:1,(anonymous_0)
FNDA:0,(anonymous_1)
FNDA:1,(anonymous_2)
DA:2,1
DA:10,1
DA:11,1
DA:12,1
DA:16,0
DA:20,1
LF:6
LH:5
BRF:0
BRH:0
end_of_record
TN:
SF:F:\DP\code\explorer-core\src\database\DAL\conditions\comparators\lessThan.ts
FN:9,(anonymous_0)
FN:15,(anonymous_1)
FN:19,(anonymous_2)
FNF:3
FNH:2
FNDA:1,(anonymous_0)
FNDA:0,(anonymous_1)
FNDA:1,(anonymous_2)
DA:2,1
DA:10,1
DA:11,1
DA:12,1
DA:16,0
DA:20,1
LF:6
LH:5
BRF:0
BRH:0
end_of_record
TN:
SF:F:\DP\code\explorer-core\src\database\DAL\indexes\indexStore.ts
FN:9,(anonymous_0)
FN:19,(anonymous_1)
FNF:2
FNH:2
FNDA:8,(anonymous_0)
FNDA:3,(anonymous_1)
DA:2,1
DA:5,1
DA:10,8
DA:11,0
DA:12,0
DA:14,8
DA:15,8
DA:16,0
DA:24,3
DA:25,1
DA:27,3
LF:11
LH:8
BRDA:10,0,0,0
BRDA:10,0,1,8
BRDA:14,1,0,8
BRDA:14,1,1,0
BRDA:24,2,0,1
BRDA:24,2,1,2
BRF:6
BRH:4
end_of_record
TN:
SF:F:\DP\code\explorer-core\src\database\DAL\planners\queryPlanner.ts
FN:4,(anonymous_0)
FN:20,(anonymous_1)
FN:24,(anonymous_2)
FN:32,(anonymous_3)
FN:40,(anonymous_4)
FN:55,(anonymous_5)
FN:58,(anonymous_6)
FN:66,(anonymous_7)
FN:68,(anonymous_8)
FN:92,(anonymous_9)
FN:100,(anonymous_10)
FNF:11
FNH:10
FNDA:1,(anonymous_0)
FNDA:2013,(anonymous_1)
FNDA:4,(anonymous_2)
FNDA:0,(anonymous_3)
FNDA:3,(anonymous_4)
FNDA:4,(anonymous_5)
FNDA:4,(anonymous_6)
FNDA:3,(anonymous_7)
FNDA:4,(anonymous_8)
FNDA:3,(anonymous_9)
FNDA:3,(anonymous_10)
DA:2,1
DA:4,1
DA:5,1
DA:6,1
DA:16,2013
DA:21,2013
DA:25,4
DA:33,0
DA:41,3
DA:42,4
DA:47,4
DA:50,1005
DA:54,3
DA:55,4
DA:57,3
DA:58,4
DA:60,3
DA:67,3
DA:69,4
DA:81,3
DA:82,11
DA:83,21
DA:84,8
DA:89,3
DA:99,3
DA:101,3
LF:26
LH:25
BRDA:4,0,0,1
BRDA:4,0,1,1
BRDA:70,1,0,1
BRDA:70,1,1,3
BRDA:83,2,0,8
BRDA:83,2,1,13
BRF:6
BRH:6
end_of_record
TN:
SF:F:\DP\code\explorer-core\src\database\DAL\query\afterConditionQuery.ts
FN:6,(anonymous_0)
FN:11,(anonymous_1)
FN:23,(anonymous_2)
FNF:3
FNH:2
FNDA:4,(anonymous_0)
FNDA:0,(anonymous_1)
FNDA:1,(anonymous_2)
DA:1,1
DA:2,1
DA:7,4
DA:8,4
DA:12,0
DA:13,0
DA:17,0
DA:18,0
DA:24,1
DA:25,1
DA:29,1
DA:30,1
LF:12
LH:8
BRDA:12,0,0,0
BRDA:12,0,1,0
BRDA:24,1,0,1
BRDA:24,1,1,0
BRF:4
BRH:1
end_of_record
TN:
SF:F:\DP\code\explorer-core\src\database\DAL\query\baseQuery.ts
FN:10,(anonymous_0)
FNF:1
FNH:1
FNDA:3,(anonymous_0)
DA:2,1
DA:11,3
LF:2
LH:2
BRF:0
BRH:0
end_of_record
TN:
SF:F:\DP\code\explorer-core\src\database\DAL\query\startQuery.ts
FN:8,(anonymous_0)
FN:14,(anonymous_1)
FNF:2
FNH:2
FNDA:2013,(anonymous_0)
FNDA:3,(anonymous_1)
DA:1,1
DA:2,1
DA:3,1
DA:9,2013
DA:10,2013
DA:11,2013
DA:15,3
DA:16,3
DA:20,3
DA:21,3
LF:10
LH:10
BRDA:15,0,0,3
BRDA:15,0,1,0
BRF:2
BRH:1
end_of_record
TN:
SF:F:\DP\code\explorer-core\src\database\DAL\resolvers\allResolver.ts
FN:6,(anonymous_0)
FN:10,(anonymous_1)
FNF:2
FNH:2
FNDA:3,(anonymous_0)
FNDA:3,(anonymous_1)
DA:1,1
DA:3,1
DA:7,3
DA:11,3
DA:12,3
DA:13,3
LF:6
LH:6
BRF:0
BRH:0
end_of_record
TN:
SF:F:\DP\code\explorer-core\src\database\DAL\resolvers\resolverBase.ts
FN:5,(anonymous_0)
FNF:1
FNH:1
FNDA:3,(anonymous_0)
DA:6,3
LF:1
LH:1
BRF:0
BRH:0
end_of_record
TN:
SF:F:\DP\code\explorer-core\src\database\index\bTree\BTree.ts
FN:9,(anonymous_0)
FN:21,(anonymous_1)
FN:32,(anonymous_2)
FN:36,(anonymous_3)
FN:53,(anonymous_4)
FN:112,(anonymous_5)
FN:124,(anonymous_6)
FN:132,(anonymous_7)
FN:134,(anonymous_8)
FN:150,(anonymous_9)
FN:163,(anonymous_10)
FN:171,(anonymous_11)
FN:173,(anonymous_12)
FN:189,(anonymous_13)
FN:203,(anonymous_14)
FN:230,(anonymous_15)
FN:261,(anonymous_16)
FN:280,(anonymous_17)
FN:290,(anonymous_18)
FNF:19
FNH:18
FNDA:9,(anonymous_0)
FNDA:67,(anonymous_1)
FNDA:186,(anonymous_2)
FNDA:2275,(anonymous_3)
FNDA:307,(anonymous_4)
FNDA:7017,(anonymous_5)
FNDA:1,(anonymous_6)
FNDA:1,(anonymous_7)
FNDA:995,(anonymous_8)
FNDA:711,(anonymous_9)
FNDA:1,(anonymous_10)
FNDA:1,(anonymous_11)
FNDA:11,(anonymous_12)
FNDA:0,(anonymous_13)
FNDA:7119,(anonymous_14)
FNDA:24121,(anonymous_15)
FNDA:24209,(anonymous_16)
FNDA:31,(anonymous_17)
FNDA:847,(anonymous_18)
DA:2,2
DA:3,2
DA:13,9
DA:14,9
DA:15,9
DA:22,67
DA:23,67
DA:25,67
DA:26,64
DA:28,3
DA:33,186
DA:37,2275
DA:38,2275
DA:40,2275
DA:42,0
DA:43,0
DA:46,2275
DA:48,2275
DA:49,249
DA:54,307
DA:57,307
DA:59,307
DA:65,307
DA:66,249
DA:67,249
DA:69,249
DA:70,249
DA:73,307
DA:75,307
DA:76,58
DA:77,58
DA:79,58
DA:80,172
DA:84,307
DA:85,307
DA:86,288
DA:88,288
DA:89,288
DA:91,288
DA:92,58
DA:95,19
DA:98,19
DA:103,19
DA:107,19
DA:108,19
DA:113,7017
DA:114,2530
DA:116,4487
DA:118,4487
DA:119,4487
DA:120,4487
DA:125,1
DA:129,1
DA:130,1
DA:131,1
DA:133,1
DA:135,995
DA:140,995
DA:141,62
DA:142,1
DA:143,1
DA:145,61
DA:146,61
DA:147,61
DA:150,711
DA:154,933
DA:156,994
DA:164,1
DA:168,1
DA:169,1
DA:170,1
DA:172,1
DA:174,11
DA:179,11
DA:180,1
DA:181,1
DA:182,1
DA:184,0
DA:185,0
DA:186,0
DA:189,0
DA:193,10
DA:195,10
DA:207,7119
DA:208,8
DA:211,7111
DA:212,7111
DA:213,4775
DA:216,7111
DA:217,7111
DA:221,7111
DA:222,188
DA:223,6923
DA:224,553
DA:226,6370
DA:236,24121
DA:237,7023
DA:240,17098
DA:241,17098
DA:242,17098
DA:243,88
DA:244,17010
DA:245,232
DA:252,16778
DA:262,24209
DA:263,0
DA:265,24209
DA:266,24180
DA:267,769
DA:268,23411
DA:269,23136
DA:271,275
DA:273,29
DA:275,29
DA:281,31
DA:297,847
DA:299,847
DA:300,816
DA:301,816
DA:307,847
DA:308,351
DA:309,351
DA:310,816
DA:311,816
DA:322,847
LF:125
LH:118
BRDA:10,0,0,4
BRDA:25,1,0,64
BRDA:25,1,1,3
BRDA:40,2,0,0
BRDA:40,2,1,2275
BRDA:48,3,0,249
BRDA:48,3,1,2026
BRDA:55,4,0,249
BRDA:55,4,1,58
BRDA:65,5,0,249
BRDA:65,5,1,58
BRDA:69,6,0,0
BRDA:69,6,1,249
BRDA:75,7,0,58
BRDA:75,7,1,249
BRDA:85,8,0,288
BRDA:85,8,1,19
BRDA:91,9,0,58
BRDA:91,9,1,230
BRDA:113,10,0,2530
BRDA:113,10,1,4487
BRDA:118,11,0,122
BRDA:118,11,1,4365
BRDA:140,12,0,62
BRDA:140,12,1,933
BRDA:141,13,0,1
BRDA:141,13,1,61
BRDA:179,14,0,1
BRDA:179,14,1,10
BRDA:180,15,0,1
BRDA:180,15,1,0
BRDA:207,16,0,8
BRDA:207,16,1,7111
BRDA:212,17,0,4775
BRDA:212,17,1,2336
BRDA:221,18,0,188
BRDA:221,18,1,6923
BRDA:223,19,0,553
BRDA:223,19,1,6370
BRDA:236,20,0,7023
BRDA:236,20,1,17098
BRDA:242,21,0,88
BRDA:242,21,1,17010
BRDA:244,22,0,232
BRDA:244,22,1,16778
BRDA:262,23,0,0
BRDA:262,23,1,24209
BRDA:265,24,0,24180
BRDA:265,24,1,29
BRDA:266,25,0,769
BRDA:266,25,1,23411
BRDA:268,26,0,23136
BRDA:268,26,1,275
BRDA:273,27,0,29
BRDA:273,27,1,0
BRDA:275,28,0,16
BRDA:275,28,1,13
BRDA:299,29,0,816
BRDA:299,29,1,31
BRDA:300,30,0,496
BRDA:300,30,1,320
BRDA:303,31,0,351
BRDA:303,31,1,465
BRDA:307,32,0,351
BRDA:307,32,1,496
BRDA:315,33,0,344
BRDA:315,33,1,472
BRF:67
BRH:62
end_of_record
TN:
SF:F:\DP\code\explorer-core\src\database\index\bTree\IPFSBTreeChildren.ts
FN:6,(anonymous_0)
FN:10,(anonymous_1)
FN:14,(anonymous_2)
FN:23,(anonymous_3)
FN:27,(anonymous_4)
FN:31,(anonymous_5)
FN:34,(anonymous_6)
FN:41,(anonymous_7)
FN:45,(anonymous_8)
FNF:9
FNH:9
FNDA:190,(anonymous_0)
FNDA:215,(anonymous_1)
FNDA:180,(anonymous_2)
FNDA:27,(anonymous_3)
FNDA:421,(anonymous_4)
FNDA:27,(anonymous_5)
FNDA:81,(anonymous_6)
FNDA:4378,(anonymous_7)
FNDA:3669,(anonymous_8)
DA:8,190
DA:11,215
DA:15,180
DA:16,180
DA:17,387
DA:20,180
DA:24,27
DA:28,421
DA:32,27
DA:33,27
DA:34,81
DA:42,4378
DA:46,3669
LF:13
LH:13
BRF:0
BRH:0
end_of_record
TN:
SF:F:\DP\code\explorer-core\src\database\index\bTree\LocalBTreeChildren.ts
FN:5,(anonymous_0)
FN:9,(anonymous_1)
FN:13,(anonymous_2)
FN:22,(anonymous_3)
FN:26,(anonymous_4)
FN:30,(anonymous_5)
FN:33,(anonymous_6)
FN:40,(anonymous_7)
FN:44,(anonymous_8)
FNF:9
FNH:9
FNDA:452,(anonymous_0)
FNDA:2348,(anonymous_1)
FNDA:434,(anonymous_2)
FNDA:31,(anonymous_3)
FNDA:4474,(anonymous_4)
FNDA:31,(anonymous_5)
FNDA:149,(anonymous_6)
FNDA:15700,(anonymous_7)
FNDA:27738,(anonymous_8)
DA:7,452
DA:10,2348
DA:14,434
DA:15,434
DA:16,4431
DA:19,434
DA:23,31
DA:27,4474
DA:31,31
DA:32,31
DA:33,149
DA:41,15700
DA:45,27738
LF:13
LH:13
BRF:0
BRH:0
end_of_record
TN:
SF:F:\DP\code\explorer-core\src\ipfs\DAG.ts
FN:4,(anonymous_0)
FN:8,(anonymous_1)
FN:14,(anonymous_2)
FNF:3
FNH:2
FNDA:1,(anonymous_0)
FNDA:1,(anonymous_1)
FNDA:0,(anonymous_2)
DA:1,1
DA:5,1
DA:9,1
DA:10,1
DA:11,0
DA:15,0
DA:16,0
DA:17,0
LF:8
LH:4
BRF:0
BRH:0
end_of_record
TN:
SF:F:\DP\code\explorer-core\src\ipfs\IPFSConnector.ts
FN:11,(anonymous_0)
FN:15,(anonymous_1)
FN:46,(anonymous_2)
FN:50,(anonymous_3)
FNF:4
FNH:4
FNDA:4,(anonymous_0)
FNDA:14,(anonymous_1)
FNDA:4,(anonymous_2)
FNDA:6,(anonymous_3)
DA:2,2
DA:3,2
DA:4,2
DA:8,2
DA:12,4
DA:16,14
DA:17,2
DA:19,2
DA:22,0
DA:43,12
DA:47,4
DA:51,6
DA:52,6
DA:53,0
DA:55,6
LF:15
LH:13
BRDA:16,0,0,2
BRDA:16,0,1,12
BRF:2
BRH:2
end_of_record
TN:
SF:F:\DP\code\explorer-core\src\ipfs\ipfsDefaultConfig.ts
FN:24,(anonymous_0)
FNF:1
FNH:1
FNDA:1,(anonymous_0)
DA:1,2
DA:2,2
DA:3,2
DA:4,2
DA:5,2
DA:6,2
DA:7,2
DA:8,2
DA:9,2
DA:10,2
DA:11,2
DA:12,2
DA:13,2
DA:14,2
DA:16,2
DA:24,2
DA:26,1
DA:27,1
DA:28,1
DA:31,1
DA:36,1
DA:90,2
LF:22
LH:22
BRF:0
BRH:0
end_of_record
TN:
SF:F:\DP\code\explorer-core\src\models\Address.ts
FN:5,(anonymous_0)
FNF:1
FNH:0
FNDA:0,(anonymous_0)
DA:1,0
DA:2,0
DA:6,0
DA:7,0
LF:4
LH:0
BRF:0
BRH:0
end_of_record
TN:
SF:F:\DP\code\explorer-core\src\models\Block.ts
FN:25,(anonymous_0)
FNF:1
FNH:1
FNDA:2013,(anonymous_0)
DA:1,1
DA:26,2013
DA:27,2013
DA:28,10
DA:29,170
LF:5
LH:5
BRDA:25,0,0,2003
BRDA:27,1,0,10
BRDA:27,1,1,2003
BRF:3
BRH:3
end_of_record
TN:
SF:F:\DP\code\explorer-core\src\models\Transaction.ts
FN:4,(anonymous_0)
FNF:1
FNH:0
FNDA:0,(anonymous_0)
DA:1,0
DA:5,0
LF:2
LH:0
BRF:0
BRH:0
end_of_record
TN:
SF:F:\DP\code\explorer-core\src\store\index.ts
FNF:0
FNH:0
DA:1,2
DA:2,2
DA:3,2
DA:5,2
DA:7,2
DA:9,2
LF:6
LH:6
BRF:0
BRH:0
end_of_record
TN:
SF:F:\DP\code\explorer-core\src\store\modules\cart.js
FN:12,(anonymous_0)
FN:13,(anonymous_1)
FN:15,(anonymous_2)
FN:25,(anonymous_3)
FN:26,(anonymous_4)
FN:34,(anonymous_5)
FN:41,(anonymous_6)
FN:42,(anonymous_7)
FN:50,(anonymous_8)
FN:53,(anonymous_9)
FN:71,(anonymous_10)
FN:78,(anonymous_11)
FN:79,(anonymous_12)
FN:83,(anonymous_13)
FN:87,(anonymous_14)
FNF:15
FNH:0
FNDA:0,(anonymous_0)
FNDA:0,(anonymous_1)
FNDA:0,(anonymous_2)
FNDA:0,(anonymous_3)
FNDA:0,(anonymous_4)
FNDA:0,(anonymous_5)
FNDA:0,(anonymous_6)
FNDA:0,(anonymous_7)
FNDA:0,(anonymous_8)
FNDA:0,(anonymous_9)
FNDA:0,(anonymous_10)
FNDA:0,(anonymous_11)
FNDA:0,(anonymous_12)
FNDA:0,(anonymous_13)
FNDA:0,(anonymous_14)
DA:5,0
DA:11,0
DA:13,0
DA:14,0
DA:15,0
DA:17,0
DA:26,0
DA:27,0
DA:33,0
DA:35,0
DA:36,0
DA:38,0
DA:39,0
DA:41,0
DA:43,0
DA:45,0
DA:51,0
DA:52,0
DA:53,0
DA:54,0
DA:55,0
DA:57,0
DA:60,0
DA:70,0
DA:72,0
DA:79,0
DA:80,0
DA:84,0
DA:88,0
LF:29
LH:0
BRDA:52,0,0,0
BRDA:52,0,1,0
BRDA:54,1,0,0
BRDA:54,1,1,0
BRF:4
BRH:0
end_of_record
TN:
SF:F:\DP\code\explorer-core\src\store\modules\products.js
FN:13,(anonymous_0)
FN:14,(anonymous_1)
FN:22,(anonymous_2)
FN:26,(anonymous_3)
FN:27,(anonymous_4)
FNF:5
FNH:0
FNDA:0,(anonymous_0)
FNDA:0,(anonymous_1)
FNDA:0,(anonymous_2)
FNDA:0,(anonymous_3)
FNDA:0,(anonymous_4)
DA:4,0
DA:9,0
DA:12,0
DA:14,0
DA:15,0
DA:21,0
DA:23,0
DA:27,0
DA:28,0
LF:9
LH:0
BRF:0
BRH:0
end_of_record
TN:
SF:F:\DP\code\explorer-core\src\store\modules\queries.ts
FN:18,(anonymous_0)
FN:21,(anonymous_1)
FN:24,(anonymous_2)
FN:45,getNodeLevel
FN:55,(anonymous_4)
FN:62,(anonymous_5)
FN:65,(anonymous_6)
FN:68,(anonymous_7)
FN:72,(anonymous_8)
FN:192,(anonymous_9)
FN:195,(anonymous_10)
FN:198,(anonymous_11)
FN:203,(anonymous_12)
FN:216,getLableFromNode
FN:218,(anonymous_14)
FNF:15
FNH:4
FNDA:0,(anonymous_0)
FNDA:2,(anonymous_1)
FNDA:0,(anonymous_2)
FNDA:0,getNodeLevel
FNDA:0,(anonymous_4)
FNDA:3,(anonymous_5)
FNDA:0,(anonymous_6)
FNDA:0,(anonymous_7)
FNDA:4550,(anonymous_8)
FNDA:0,(anonymous_9)
FNDA:3,(anonymous_10)
FNDA:0,(anonymous_11)
FNDA:0,(anonymous_12)
FNDA:0,getLableFromNode
FNDA:0,(anonymous_14)
DA:1,2
DA:2,2
DA:9,2
DA:17,2
DA:19,0
DA:22,2
DA:25,0
DA:26,0
DA:27,0
DA:28,0
DA:29,0
DA:30,0
DA:31,0
DA:33,0
DA:38,0
DA:40,0
DA:43,0
DA:46,0
DA:47,0
DA:48,0
DA:49,0
DA:51,0
DA:52,0
DA:56,0
DA:61,2
DA:63,3
DA:66,0
DA:69,0
DA:70,0
DA:73,4550
DA:74,0
DA:75,0
DA:76,0
DA:80,0
DA:81,0
DA:89,0
DA:90,0
DA:91,0
DA:101,0
DA:117,0
DA:128,0
DA:144,0
DA:145,0
DA:146,0
DA:154,0
DA:166,0
DA:167,0
DA:175,0
DA:191,2
DA:193,0
DA:196,3
DA:199,0
DA:200,0
DA:201,0
DA:204,0
DA:208,2
DA:217,0
DA:218,0
LF:58
LH:11
BRDA:28,0,0,0
BRDA:28,0,1,0
BRDA:30,1,0,0
BRDA:30,1,1,0
BRDA:73,2,0,4550
BRDA:73,2,1,0
BRDA:80,3,0,0
BRDA:80,3,1,0
BRDA:90,4,0,0
BRDA:90,4,1,0
BRDA:112,5,0,0
BRDA:112,5,1,0
BRDA:137,6,0,0
BRDA:137,6,1,0
BRDA:144,7,0,0
BRDA:144,7,1,0
BRDA:145,8,0,0
BRDA:145,8,1,0
BRDA:166,9,0,0
BRDA:166,9,1,0
BRDA:218,10,0,0
BRDA:218,10,1,0
BRF:22
BRH:1
end_of_record
